(00.000055) Version: 3.1 (gitid v3.1)
(00.000074) ========================================
(00.000076) Dumping processes (pid: 20297)
(00.000077) ========================================
(00.000080) Running pre-dump scripts
(00.000101) Warn  (criu/kerndat.c:590): Stale /run/criu.kdat file
(00.000117) Probing sock diag modules
(00.000142) Done probing
(00.013016) Pagemap is fully functional
(00.013056) Found anon-shmem device at 5
(00.013065) Reset 20363's dirty tracking
(00.013102)  ... done
(00.013117) Dirty track supported on kernel
(00.013158) Found task size of 7ffffffff000
(00.100359) Found mmap_min_addr 0x10000
(00.100397) irmap: Searching irmap cache in work dir
(00.100405) No irmap-cache image
(00.100407) irmap: Searching irmap cache in parent
(00.100409) irmap: No irmap cache
(00.100423) cpu: fpu:1 fxsr:1 xsave:1
(00.100499) vdso: Parsing at 7ffc7abc3000 7ffc7abc5000
(00.100503) vdso: PT_LOAD p_vaddr: 0
(00.100504) vdso: DT_HASH: 120
(00.100505) vdso: DT_STRTAB: 2b0
(00.100506) vdso: DT_SYMTAB: 1a8
(00.100507) vdso: DT_STRSZ: 5e
(00.100508) vdso: DT_SYMENT: 18
(00.100509) vdso: nbucket 3 nchain b bucket 7ffc7abc3128 chain 7ffc7abc3134
(00.100513) vdso: rt [vdso] 7ffc7abc3000-7ffc7abc5000 [vvar] 7ffc7abc1000-7ffc7abc3000
(00.100522) cg-prop: Parsing controller "cpu"
(00.100524) cg-prop: 	Strategy "replace"
(00.100526) cg-prop: 	Property "cpu.shares"
(00.100528) cg-prop: 	Property "cpu.cfs_period_us"
(00.100529) cg-prop: 	Property "cpu.cfs_quota_us"
(00.100530) cg-prop: 	Property "cpu.rt_period_us"
(00.100531) cg-prop: 	Property "cpu.rt_runtime_us"
(00.100533) cg-prop: Parsing controller "memory"
(00.100534) cg-prop: 	Strategy "replace"
(00.100535) cg-prop: 	Property "memory.limit_in_bytes"
(00.100537) cg-prop: 	Property "memory.memsw.limit_in_bytes"
(00.100538) cg-prop: 	Property "memory.swappiness"
(00.100539) cg-prop: 	Property "memory.soft_limit_in_bytes"
(00.100540) cg-prop: 	Property "memory.move_charge_at_immigrate"
(00.100542) cg-prop: 	Property "memory.oom_control"
(00.100543) cg-prop: 	Property "memory.use_hierarchy"
(00.100544) cg-prop: 	Property "memory.kmem.limit_in_bytes"
(00.100545) cg-prop: 	Property "memory.kmem.tcp.limit_in_bytes"
(00.100546) cg-prop: Parsing controller "cpuset"
(00.100548) cg-prop: 	Strategy "replace"
(00.100549) cg-prop: 	Property "cpuset.cpus"
(00.100550) cg-prop: 	Property "cpuset.mems"
(00.100551) cg-prop: 	Property "cpuset.memory_migrate"
(00.100552) cg-prop: 	Property "cpuset.cpu_exclusive"
(00.100553) cg-prop: 	Property "cpuset.mem_exclusive"
(00.100554) cg-prop: 	Property "cpuset.mem_hardwall"
(00.100556) cg-prop: 	Property "cpuset.memory_spread_page"
(00.100557) cg-prop: 	Property "cpuset.memory_spread_slab"
(00.100558) cg-prop: 	Property "cpuset.sched_load_balance"
(00.100559) cg-prop: 	Property "cpuset.sched_relax_domain_level"
(00.100560) cg-prop: Parsing controller "blkio"
(00.100562) cg-prop: 	Strategy "replace"
(00.100563) cg-prop: 	Property "blkio.weight"
(00.100564) cg-prop: Parsing controller "freezer"
(00.100565) cg-prop: 	Strategy "replace"
(00.100566) cg-prop: Parsing controller "perf_event"
(00.100567) cg-prop: 	Strategy "replace"
(00.100569) cg-prop: Parsing controller "net_cls"
(00.100570) cg-prop: 	Strategy "replace"
(00.100571) cg-prop: 	Property "net_cls.classid"
(00.100572) cg-prop: Parsing controller "net_prio"
(00.100573) cg-prop: 	Strategy "replace"
(00.100574) cg-prop: 	Property "net_prio.ifpriomap"
(00.100576) cg-prop: Parsing controller "pids"
(00.100577) cg-prop: 	Strategy "replace"
(00.100578) cg-prop: 	Property "pids.max"
(00.100579) cg-prop: Parsing controller "devices"
(00.100580) cg-prop: 	Strategy "replace"
(00.100581) cg-prop: 	Property "devices.list"
(00.100618) Perparing image inventory (version 1)
(00.100634) Add pid ns 1 pid 20363
(00.100638) Add net ns 2 pid 20363
(00.100643) Add ipc ns 3 pid 20363
(00.100647) Add uts ns 4 pid 20363
(00.100651) Add mnt ns 5 pid 20363
(00.100655) Add user ns 6 pid 20363
(00.100660) Add cgroup ns 7 pid 20363
(00.100662) cg: Dumping cgroups for 20363
(00.100677) cg:  `- New css ID 1
(00.100679) cg:     `- [blkio] -> [/user.slice/user-1000.slice] [0]
(00.100687) cg:     `- [cpu,cpuacct] -> [/user.slice/user-1000.slice] [0]
(00.100688) cg:     `- [cpuset] -> [/] [0]
(00.100689) cg:     `- [devices] -> [/user.slice/user-1000.slice] [0]
(00.100690) cg:     `- [freezer] -> [/] [0]
(00.100691) cg:     `- [hugetlb] -> [/] [0]
(00.100692) cg:     `- [memory] -> [/user.slice/user-1000.slice] [0]
(00.100694) cg:     `- [name=systemd] -> [/user.slice/user-1000.slice/session-74.scope] [0]
(00.100695) cg:     `- [net_cls,net_prio] -> [/] [0]
(00.100696) cg:     `- [perf_event] -> [/] [0]
(00.100697) cg:     `- [pids] -> [/user.slice/user-1000.slice/session-74.scope] [0]
(00.100698) cg: Set 1 is criu one
(00.100809) Seized task 20297, state 1
(00.100835) Collected (4 attempts, 0 in_progress)
(00.100847) Seized task 20362, state 0
(00.100949) Collected (4 attempts, 0 in_progress)
(00.100960) Collected (4 attempts, 0 in_progress)
(00.100973) Collected 20362 in 1 state
(00.100982) Collected (3 attempts, 0 in_progress)
(00.100986) Collected 20297 in 1 state
(00.101053) Lock network
(00.101104) 	type sysfs source sysfs mnt_id 18 s_dev 0x12 / @ ./sys flags 0x30000e options 
(00.101113) 	type proc source proc mnt_id 19 s_dev 0x4 / @ ./proc flags 0x30000e options 
(00.101118) 	type devtmpfs source devtmpfs mnt_id 20 s_dev 0x6 / @ ./dev flags 0x1100002 options size=65938060k,nr_inodes=16484515,mode=755
(00.101123) 	type securityfs source securityfs mnt_id 21 s_dev 0x13 / @ ./sys/kernel/security flags 0x30000e options 
(00.101128) 	type tmpfs source tmpfs mnt_id 22 s_dev 0x14 / @ ./dev/shm flags 0x1100006 options 
(00.101134) 	type devpts source devpts mnt_id 23 s_dev 0x15 / @ ./dev/pts flags 0x30000a options gid=5,mode=620,ptmxmode=000
(00.101142) 	type tmpfs source tmpfs mnt_id 24 s_dev 0x16 / @ ./run flags 0x1100006 options mode=755
(00.101146) 	type tmpfs source tmpfs mnt_id 25 s_dev 0x17 / @ ./sys/fs/cgroup flags 0x110000f options mode=755
(00.101152) 	type cgroup source cgroup mnt_id 26 s_dev 0x18 / @ ./sys/fs/cgroup/systemd flags 0x30000e options xattr,release_agent=/usr/lib/systemd/systemd-cgroups-agent,name=systemd
(00.101157) 	type pstore source pstore mnt_id 27 s_dev 0x19 / @ ./sys/fs/pstore flags 0x30000e options 
(00.101184) 	type efivarfs source efivarfs mnt_id 28 s_dev 0x1a / @ ./sys/firmware/efi/efivars flags 0x30000e options 
(00.101189) 	type cgroup source cgroup mnt_id 29 s_dev 0x1b / @ ./sys/fs/cgroup/perf_event flags 0x30000e options perf_event
(00.101193) 	type cgroup source cgroup mnt_id 30 s_dev 0x1c / @ ./sys/fs/cgroup/blkio flags 0x30000e options blkio
(00.101197) 	type cgroup source cgroup mnt_id 31 s_dev 0x1d / @ ./sys/fs/cgroup/freezer flags 0x30000e options freezer
(00.101202) 	type cgroup source cgroup mnt_id 32 s_dev 0x1e / @ ./sys/fs/cgroup/net_cls,net_prio flags 0x30000e options net_cls,net_prio
(00.101208) 	type cgroup source cgroup mnt_id 33 s_dev 0x1f / @ ./sys/fs/cgroup/cpu,cpuacct flags 0x30000e options cpu,cpuacct
(00.101212) 	type cgroup source cgroup mnt_id 34 s_dev 0x20 / @ ./sys/fs/cgroup/pids flags 0x30000e options pids
(00.101216) 	type cgroup source cgroup mnt_id 35 s_dev 0x21 / @ ./sys/fs/cgroup/hugetlb flags 0x30000e options hugetlb
(00.101220) 	type cgroup source cgroup mnt_id 36 s_dev 0x22 / @ ./sys/fs/cgroup/memory flags 0x30000e options memory
(00.101223) 	type cgroup source cgroup mnt_id 37 s_dev 0x23 / @ ./sys/fs/cgroup/devices flags 0x30000e options devices
(00.101260) 	type cgroup source cgroup mnt_id 38 s_dev 0x24 / @ ./sys/fs/cgroup/cpuset flags 0x30000e options cpuset
(00.101265) 	type configfs source configfs mnt_id 61 s_dev 0x25 / @ ./sys/kernel/config flags 0x300000 options 
(00.101270) 	type xfs source /dev/mapper/fedora-root mnt_id 64 s_dev 0xfd00000 / @ ./ flags 0x300000 options attr2,inode64,logbsize=256k,sunit=512,swidth=512,noquota
(00.101274) 	type tmpfs source tmpfs mnt_id 17 s_dev 0x11 / @ ./tmp flags 0x1100000 options 
(00.101279) 	type debugfs source debugfs mnt_id 39 s_dev 0x7 / @ ./sys/kernel/debug flags 0x300000 options 
(00.101285) 	type autofs source systemd-1 mnt_id 40 s_dev 0x27 / @ ./proc/sys/fs/binfmt_misc flags 0x300000 options fd=42,pgrp=1,timeout=0,minproto=5,maxproto=5,direct,pipe_ino=15578
(00.101295) 	type mqueue source mqueue mnt_id 41 s_dev 0x10 / @ ./dev/mqueue flags 0x300000 options 
(00.101301) 	type hugetlbfs source hugetlbfs mnt_id 42 s_dev 0x28 / @ ./dev/hugepages flags 0x300000 options 
(00.101305) 	type nfsd source nfsd mnt_id 43 s_dev 0x29 / @ ./proc/fs/nfsd flags 0x300000 options 
(00.101309) 	type ext4 source /dev/nvme0n1p1 mnt_id 77 s_dev 0x10300001 / @ ./ssd flags 0x300000 options data=ordered
(00.101314) 	type ext4 source /dev/sdc mnt_id 79 s_dev 0x800020 / @ ./hdd flags 0x300000 options stripe=64,data=ordered
(00.101318) 	type ext4 source /dev/sdb mnt_id 80 s_dev 0x800010 / @ ./data flags 0x300000 options stripe=2,data=ordered
(00.101340) 	type ext4 source /dev/sda2 mnt_id 83 s_dev 0x800002 / @ ./boot flags 0x300000 options stripe=256,data=ordered
(00.101345) 	type vfat source /dev/sda1 mnt_id 85 s_dev 0x800001 / @ ./boot/efi flags 0x300000 options fmask=0077,dmask=0077,codepage=437,iocharset=ascii,shortname=winnt,errors=remount-ro
(00.101349) 	type rpc_pipefs source sunrpc mnt_id 87 s_dev 0x2a / @ ./var/lib/nfs/rpc_pipefs flags 0x300000 options 
(00.101355) 	type xfs source /dev/mapper/fedora-root mnt_id 93 s_dev 0xfd00000 /var/lib/docker/devicemapper @ ./var/lib/docker/devicemapper flags 0x200000 options attr2,inode64,logbsize=256k,sunit=512,swidth=512,noquota
(00.101361) 	type tmpfs source tmpfs mnt_id 89 s_dev 0x2b / @ ./run/user/1000 flags 0x300006 options size=13190160k,mode=700,uid=1000,gid=1001
(00.101365) 	type ext4 source /dev/pmem0 mnt_id 96 s_dev 0x10300002 / @ ./pmem0 flags 0x300000 options dax,data=ordered
(00.101369) 	type binfmt_misc source binfmt_misc mnt_id 99 s_dev 0x2c / @ ./proc/sys/fs/binfmt_misc flags 0x300000 options 
(00.101374) mnt: Building mountpoints tree
(00.101375) mnt: 	Building plain mount tree
(00.101376) mnt: 		Working on 99->40
(00.101377) mnt: 		Working on 96->64
(00.101378) mnt: 		Working on 89->24
(00.101379) mnt: 		Working on 93->64
(00.101380) mnt: 		Working on 87->64
(00.101381) mnt: 		Working on 85->83
(00.101382) mnt: 		Working on 83->64
(00.101383) mnt: 		Working on 80->64
(00.101384) mnt: 		Working on 79->64
(00.101385) mnt: 		Working on 77->64
(00.101386) mnt: 		Working on 43->19
(00.101387) mnt: 		Working on 42->20
(00.101388) mnt: 		Working on 41->20
(00.101389) mnt: 		Working on 40->19
(00.101390) mnt: 		Working on 39->18
(00.101391) mnt: 		Working on 17->64
(00.101392) mnt: 		Working on 64->0
(00.101393) mnt: 		Working on 61->18
(00.101394) mnt: 		Working on 38->25
(00.101396) mnt: 		Working on 37->25
(00.101397) mnt: 		Working on 36->25
(00.101398) mnt: 		Working on 35->25
(00.101399) mnt: 		Working on 34->25
(00.101400) mnt: 		Working on 33->25
(00.101401) mnt: 		Working on 32->25
(00.101401) mnt: 		Working on 31->25
(00.101402) mnt: 		Working on 30->25
(00.101403) mnt: 		Working on 29->25
(00.101404) mnt: 		Working on 28->18
(00.101406) mnt: 		Working on 27->18
(00.101407) mnt: 		Working on 26->25
(00.101408) mnt: 		Working on 25->18
(00.101409) mnt: 		Working on 24->64
(00.101410) mnt: 		Working on 23->20
(00.101411) mnt: 		Working on 22->20
(00.101412) mnt: 		Working on 21->18
(00.101413) mnt: 		Working on 20->64
(00.101414) mnt: 		Working on 19->64
(00.101415) mnt: 		Working on 18->64
(00.101416) mnt: 	Resorting siblings on 64
(00.101417) mnt: 	Resorting siblings on 96
(00.101418) mnt: 	Resorting siblings on 93
(00.101419) mnt: 	Resorting siblings on 87
(00.101420) mnt: 	Resorting siblings on 83
(00.101421) mnt: 	Resorting siblings on 85
(00.101422) mnt: 	Resorting siblings on 80
(00.101423) mnt: 	Resorting siblings on 79
(00.101424) mnt: 	Resorting siblings on 77
(00.101425) mnt: 	Resorting siblings on 17
(00.101426) mnt: 	Resorting siblings on 24
(00.101427) mnt: 	Resorting siblings on 89
(00.101428) mnt: 	Resorting siblings on 20
(00.101429) mnt: 	Resorting siblings on 42
(00.101430) mnt: 	Resorting siblings on 41
(00.101431) mnt: 	Resorting siblings on 23
(00.101432) mnt: 	Resorting siblings on 22
(00.101435) mnt: 	Resorting siblings on 19
(00.101436) mnt: 	Resorting siblings on 43
(00.101437) mnt: 	Resorting siblings on 40
(00.101438) mnt: 	Resorting siblings on 99
(00.101439) mnt: 	Resorting siblings on 18
(00.101440) mnt: 	Resorting siblings on 39
(00.101441) mnt: 	Resorting siblings on 61
(00.101442) mnt: 	Resorting siblings on 28
(00.101443) mnt: 	Resorting siblings on 27
(00.101444) mnt: 	Resorting siblings on 25
(00.101445) mnt: 	Resorting siblings on 38
(00.101446) mnt: 	Resorting siblings on 37
(00.101447) mnt: 	Resorting siblings on 36
(00.101448) mnt: 	Resorting siblings on 35
(00.101449) mnt: 	Resorting siblings on 34
(00.101450) mnt: 	Resorting siblings on 33
(00.101451) mnt: 	Resorting siblings on 32
(00.101452) mnt: 	Resorting siblings on 31
(00.101453) mnt: 	Resorting siblings on 30
(00.101454) mnt: 	Resorting siblings on 29
(00.101455) mnt: 	Resorting siblings on 26
(00.101456) mnt: 	Resorting siblings on 21
(00.101457) mnt: Done:
(00.101458) mnt: [./](64->0)
(00.101459) mnt:  [./pmem0](96->64)
(00.101460) mnt:  <--
(00.101461) mnt:  [./sys](18->64)
(00.101463) mnt:   [./sys/kernel/debug](39->18)
(00.101464) mnt:   <--
(00.101465) mnt:   [./sys/kernel/security](21->18)
(00.101466) mnt:   <--
(00.101467) mnt:   [./sys/fs/cgroup](25->18)
(00.101468) mnt:    [./sys/fs/cgroup/cpuset](38->25)
(00.101469) mnt:    <--
(00.101470) mnt:    [./sys/fs/cgroup/systemd](26->25)
(00.101471) mnt:    <--
(00.101472) mnt:    [./sys/fs/cgroup/perf_event](29->25)
(00.101473) mnt:    <--
(00.101474) mnt:    [./sys/fs/cgroup/blkio](30->25)
(00.101475) mnt:    <--
(00.101476) mnt:    [./sys/fs/cgroup/freezer](31->25)
(00.101477) mnt:    <--
(00.101478) mnt:    [./sys/fs/cgroup/net_cls,net_prio](32->25)
(00.101479) mnt:    <--
(00.101480) mnt:    [./sys/fs/cgroup/cpu,cpuacct](33->25)
(00.101481) mnt:    <--
(00.101482) mnt:    [./sys/fs/cgroup/pids](34->25)
(00.101484) mnt:    <--
(00.101484) mnt:    [./sys/fs/cgroup/hugetlb](35->25)
(00.101486) mnt:    <--
(00.101487) mnt:    [./sys/fs/cgroup/memory](36->25)
(00.101488) mnt:    <--
(00.101489) mnt:    [./sys/fs/cgroup/devices](37->25)
(00.101490) mnt:    <--
(00.101491) mnt:   <--
(00.101492) mnt:   [./sys/fs/pstore](27->18)
(00.101493) mnt:   <--
(00.101494) mnt:   [./sys/firmware/efi/efivars](28->18)
(00.101495) mnt:   <--
(00.101496) mnt:   [./sys/kernel/config](61->18)
(00.101497) mnt:   <--
(00.101498) mnt:  <--
(00.101499) mnt:  [./proc](19->64)
(00.101500) mnt:   [./proc/fs/nfsd](43->19)
(00.101501) mnt:   <--
(00.101502) mnt:   [./proc/sys/fs/binfmt_misc](40->19)
(00.101503) mnt:    [./proc/sys/fs/binfmt_misc](99->40)
(00.101504) mnt:    <--
(00.101505) mnt:   <--
(00.101506) mnt:  <--
(00.101507) mnt:  [./dev](20->64)
(00.101508) mnt:   [./dev/hugepages](42->20)
(00.101509) mnt:   <--
(00.101510) mnt:   [./dev/shm](22->20)
(00.101511) mnt:   <--
(00.101512) mnt:   [./dev/pts](23->20)
(00.101513) mnt:   <--
(00.101514) mnt:   [./dev/mqueue](41->20)
(00.101515) mnt:   <--
(00.101516) mnt:  <--
(00.101517) mnt:  [./run](24->64)
(00.101518) mnt:   [./run/user/1000](89->24)
(00.101519) mnt:   <--
(00.101520) mnt:  <--
(00.101521) mnt:  [./tmp](17->64)
(00.101522) mnt:  <--
(00.101523) mnt:  [./ssd](77->64)
(00.101524) mnt:  <--
(00.101525) mnt:  [./hdd](79->64)
(00.101526) mnt:  <--
(00.101527) mnt:  [./data](80->64)
(00.101528) mnt:  <--
(00.101529) mnt:  [./boot](83->64)
(00.101531) mnt:   [./boot/efi](85->83)
(00.101532) mnt:   <--
(00.101533) mnt:  <--
(00.101534) mnt:  [./var/lib/nfs/rpc_pipefs](87->64)
(00.101535) mnt:  <--
(00.101536) mnt:  [./var/lib/docker/devicemapper](93->64)
(00.101537) mnt:  <--
(00.101538) mnt: <--
(00.101550) Collecting netns 2/20363
(00.101747) sk unix: 	Collected: ino 0x36aa peer_ino 0 family    1 type    1 state 10 name /var/lib/gssproxy/default.sock
(00.101757) sk unix: 	Collected: ino 0x350c peer_ino 0 family    1 type    1 state 10 name /run/systemd/private
(00.101760) sk unix: 	Collected: ino 0x3a10 peer_ino 0 family    1 type    5 state 10 name /run/udev/control
(00.101764) sk unix: 	Collected: ino 0x3a12 peer_ino 0 family    1 type    1 state 10 name /run/lvm/lvmpolld.socket
(00.101771) sk unix: 	Collected: ino 0x4217 peer_ino 0 family    1 type    1 state 10 name /var/run/mcelog-client
(00.101775) sk unix: 	Collected: ino 0x3b1a peer_ino 0 family    1 type    1 state 10 name /var/run/libvirt/libvirt-sock
(00.101779) sk unix: 	Collected: ino 0x4f1a peer_ino 0 family    1 type    2 state  7 name /var/run/chrony/chronyd.sock
(00.101782) sk unix: 	Collected: ino 0x3b1c peer_ino 0 family    1 type    1 state 10 name /var/run/libvirt/libvirt-sock-ro
(00.101785) sk unix: 	Collected: ino 0x7c48 peer_ino 0 family    1 type    1 state 10 name /var/run/abrt/abrt.socket
(00.101787) sk unix: 	Collected: ino 0x7274 peer_ino 0 family    1 type    1 state 10 name 
(00.101791) sk unix: 	Collected: ino 0x5eb9 peer_ino 0 family    1 type    1 state 10 name /var/lib/mysql/mysql.sock
(00.101793) sk unix: 	Collected: ino 0x396e peer_ino 0 family    1 type    2 state  7 name /run/systemd/notify
(00.101796) sk unix: 	Collected: ino 0x7275 peer_ino 0 family    1 type    1 state 10 name /var/run/avahi-daemon/socket
(00.101800) sk unix: 	Collected: ino 0x3976 peer_ino 0 family    1 type    2 state  7 name /run/systemd/journal/dev-log
(00.101802) sk unix: 	Collected: ino 0x7279 peer_ino 0 family    1 type    1 state 10 name /var/run/libvirt/virtlogd-sock
(00.101805) sk unix: 	Collected: ino 0x727c peer_ino 0 family    1 type    1 state 10 name /var/run/pcscd/pcscd.comm
(00.101808) sk unix: 	Collected: ino 0x397e peer_ino 0 family    1 type    1 state 10 name /run/systemd/journal/stdout
(00.101811) sk unix: 	Collected: ino 0x3980 peer_ino 0 family    1 type    2 state  7 name /run/systemd/journal/socket
(00.101814) sk unix: 	Collected: ino 0x7280 peer_ino 0 family    1 type    1 state 10 name /run/dbus/system_bus_socket
(00.101818) sk unix: 	Collected: ino 0x7283 peer_ino 0 family    1 type    1 state 10 name /var/run/libvirt/virtlockd-sock
(00.101823) sk unix: 	Collected: ino 0x102788 peer_ino 0 family    1 type    2 state  7 name /run/user/1000/systemd/notify
(00.101826) sk unix: 	Collected: ino 0x10278a peer_ino 0 family    1 type    1 state 10 name /run/user/1000/systemd/private
(00.101829) sk unix: 	Collected: ino 0x10278f peer_ino 0 family    1 type    1 state 10 name /run/user/1000/bus
(00.101832) sk unix: 	Collected: ino 0x40a9 peer_ino 0 family    1 type    5 state 10 name /run/systemd/coredump
(00.101834) sk unix: 	Collected: ino 0x36ab peer_ino 0 family    1 type    1 state 10 name /run/gssproxy.sock
(00.101836) sk unix: 	Collected: ino 0x7278 peer_ino 0 family    1 type    1 state 10 name 
(00.101839) sk unix: 	Collected: ino 0x5ccd1 peer_ino 0 family    1 type    1 state 10 name /var/run/NetworkManager/private-dhcp
(00.101841) sk unix: 	Collected: ino 0x2cf5 peer_ino 0 family    1 type    1 state 10 name /run/rpcbind.sock
(00.101844) sk unix: 	Collected: ino 0x2cfb peer_ino 0 family    1 type    1 state 10 name /run/lvm/lvmetad.socket
(00.101847) sk unix: 	Collected: ino 0x101e0f peer_ino 0x101e10 family    1 type    1 state  1 name (null)
(00.101849) sk unix: 	Collected: ino 0x693e peer_ino 0x3976 family    1 type    2 state  7 name (null)
(00.101851) sk unix: 	Collected: ino 0x4f18 peer_ino 0x7292 family    1 type    1 state  1 name /run/dbus/system_bus_socket
(00.101852) sk unix: 	Collected: ino 0x11b42e peer_ino 0x11b42f family    1 type    1 state  1 name (null)
(00.101854) sk unix: 	Collected: ino 0xeefae peer_ino 0x3976 family    1 type    2 state  7 name (null)
(00.101855) sk unix: 	Collected: ino 0x2608 peer_ino 0x31fa family    1 type    1 state  1 name (null)
(00.101857) sk unix: 	Collected: ino 0x5160 peer_ino 0x3976 family    1 type    2 state  7 name (null)
(00.101859) sk unix: 	Collected: ino 0x4be8 peer_ino 0x2e64 family    1 type    1 state  1 name /run/systemd/journal/stdout
(00.101861) sk unix: 	Collected: ino 0x6947 peer_ino 0x4f19 family    1 type    1 state  1 name (null)
(00.101862) sk unix: 	Collected: ino 0x689c peer_ino 0x689d family    1 type    2 state  7 name (null)
(00.101863) sk unix: 	Collected: ino 0x101e0c peer_ino 0x3976 family    1 type    2 state  7 name (null)
(00.101867) sk unix: 	Collected: ino 0x369a peer_ino 0x413d family    1 type    1 state  1 name (null)
(00.101869) sk unix: 	Collected: ino 0x5a24 peer_ino 0x69e9 family    1 type    1 state  1 name /run/dbus/system_bus_socket
(00.101876) sk unix: 	Collected: ino 0x4f16 peer_ino 0x4f17 family    1 type    1 state  1 name (null)
(00.101878) sk unix: 	Collected: ino 0x689d peer_ino 0x689c family    1 type    2 state  7 name (null)
(00.101880) sk unix: 	Collected: ino 0x1c09d peer_ino 0x3976 family    1 type    2 state  7 name (null)
(00.101882) sk unix: 	Collected: ino 0x4f19 peer_ino 0x6947 family    1 type    1 state  1 name /run/dbus/system_bus_socket
(00.101885) sk unix: 	Collected: ino 0x13aa74 peer_ino 0x13aa73 family    1 type    1 state  1 name (null)
(00.101887) sk unix: 	Collected: ino 0x69ec peer_ino 0x3976 family    1 type    2 state  7 name (null)
(00.101888) sk unix: 	Collected: ino 0x69e4 peer_ino 0x36bc family    1 type    1 state  1 name (null)
(00.101890) sk unix: 	Collected: ino 0x413d peer_ino 0x369a family    1 type    1 state  1 name /run/systemd/journal/stdout
(00.101892) sk unix: 	Collected: ino 0x4f1c peer_ino 0x2e27 family    1 type    1 state  1 name /run/dbus/system_bus_socket
(00.101894) sk unix: 	Collected: ino 0x13aa73 peer_ino 0x13aa74 family    1 type    1 state  1 name (null)
(00.101896) sk unix: 	Collected: ino 0x4139 peer_ino 0x6575 family    1 type    1 state  1 name /run/systemd/journal/stdout
(00.101898) sk unix: 	Collected: ino 0x2e21 peer_ino 0x3980 family    1 type    2 state  7 name (null)
(00.101900) sk unix: 	Collected: ino 0x36b6 peer_ino 0x36af family    1 type    1 state  1 name /run/gssproxy.sock
(00.101902) sk unix: 	Collected: ino 0x36bc peer_ino 0x69e4 family    1 type    1 state  1 name /run/dbus/system_bus_socket
(00.101903) sk unix: 	Collected: ino 0x4f17 peer_ino 0x4f16 family    1 type    1 state  1 name (null)
(00.101905) sk unix: 	Collected: ino 0x141089 peer_ino 0x13e5ee family    1 type    1 state  1 name /run/dbus/system_bus_socket
(00.101907) sk unix: 	Collected: ino 0x2e27 peer_ino 0x4f1c family    1 type    1 state  1 name (null)
(00.101908) sk unix: 	Collected: ino 0x3aa0 peer_ino 0x3976 family    1 type    2 state  7 name (null)
(00.101910) sk unix: 	Collected: ino 0x36bd peer_ino 0x3976 family    1 type    2 state  7 name (null)
(00.101911) sk unix: 	Collected: ino 0x13e5fb peer_ino 0x3976 family    1 type    2 state  7 name (null)
(00.101912) sk unix: 	Collected: ino 0x101e10 peer_ino 0x101e0f family    1 type    1 state  1 name (null)
(00.101914) sk unix: 	Collected: ino 0x36af peer_ino 0x36b6 family    1 type    1 state  1 name (null)
(00.101915) sk unix: 	Collected: ino 0x6942 peer_ino 0x6943 family    1 type    1 state  1 name (null)
(00.101917) sk unix: 	Collected: ino 0x7292 peer_ino 0x4f18 family    1 type    1 state  1 name (null)
(00.101918) sk unix: 	Collected: ino 0x685b peer_ino 0x396e family    1 type    2 state  7 name (null)
(00.101919) sk unix: 	Collected: ino 0x13aa70 peer_ino 0x3976 family    1 type    2 state  7 name (null)
(00.101921) sk unix: 	Collected: ino 0x6575 peer_ino 0x4139 family    1 type    1 state  1 name (null)
(00.101924) sk unix: 	Collected: ino 0x13e5ee peer_ino 0x141089 family    1 type    1 state  1 name (null)
(00.101925) sk unix: 	Collected: ino 0x1a9f73 peer_ino 0 family    1 type    5 state  7 name (null)
(00.101926) sk unix: 	Collected: ino 0x11b42f peer_ino 0x11b42e family    1 type    1 state  1 name (null)
(00.101929) sk unix: 	Collected: ino 0x31fa peer_ino 0x2608 family    1 type    1 state  1 name /run/systemd/journal/stdout
(00.101930) sk unix: 	Collected: ino 0x11b42b peer_ino 0x3976 family    1 type    2 state  7 name (null)
(00.101932) sk unix: 	Collected: ino 0x6943 peer_ino 0x6942 family    1 type    1 state  1 name (null)
(00.101933) sk unix: 	Collected: ino 0x2e64 peer_ino 0x4be8 family    1 type    1 state  1 name (null)
(00.101934) sk unix: 	Collected: ino 0x69e9 peer_ino 0x5a24 family    1 type    1 state  1 name (null)
(00.101936) sk unix: 	Collected: ino 0x317e peer_ino 0x4f84 family    1 type    1 state  1 name (null)
(00.101941) sk unix: 	Collected: ino 0x421e peer_ino 0x7c4a family    1 type    1 state  1 name (null)
(00.101942) sk unix: 	Collected: ino 0x102777 peer_ino 0x3980 family    1 type    2 state  7 name (null)
(00.101943) sk unix: 	Collected: ino 0x1b6cc peer_ino 0x15ee3 family    1 type    1 state  1 name (null)
(00.101946) sk unix: 	Collected: ino 0x36bb peer_ino 0x2eca family    1 type    1 state  1 name /run/dbus/system_bus_socket
(00.101947) sk unix: 	Collected: ino 0x5ba peer_ino 0x413f family    1 type    1 state  1 name (null)
(00.101949) sk unix: 	Collected: ino 0x4bdf peer_ino 0x4202 family    1 type    1 state  1 name /run/systemd/journal/stdout
(00.101951) sk unix: 	Collected: ino 0x7311 peer_ino 0x3976 family    1 type    2 state  7 name (null)
(00.101953) sk unix: 	Collected: ino 0x7c45 peer_ino 0x2eb9 family    1 type    1 state  1 name /run/dbus/system_bus_socket
(00.101954) sk unix: 	Collected: ino 0x3ce0 peer_ino 0x3980 family    1 type    2 state  7 name (null)
(00.101956) sk unix: 	Collected: ino 0x40f9 peer_ino 0x3976 family    1 type    2 state  7 name (null)
(00.101957) sk unix: 	Collected: ino 0x2eca peer_ino 0x36bb family    1 type    1 state  1 name (null)
(00.101959) sk unix: 	Collected: ino 0x421f peer_ino 0x7c92 family    1 type    1 state  1 name /run/systemd/journal/stdout
(00.101961) sk unix: 	Collected: ino 0x633 peer_ino 0x4bc7 family    1 type    1 state  1 name (null)
(00.101963) sk unix: 	Collected: ino 0x10492e peer_ino 0x105b6a family    1 type    1 state  1 name /run/dbus/system_bus_socket
(00.101965) sk unix: 	Collected: ino 0x15ee3 peer_ino 0x1b6cc family    1 type    1 state  1 name /run/systemd/journal/stdout
(00.101969) sk unix: 	Collected: ino 0x3ac6 peer_ino 0x7a8b family    1 type    1 state  1 name /run/systemd/journal/stdout
(00.101970) sk unix: 	Collected: ino 0x7a8b peer_ino 0x3ac6 family    1 type    1 state  1 name (null)
(00.101972) sk unix: 	Collected: ino 0x13df65 peer_ino 0x3976 family    1 type    2 state  7 name (null)
(00.101973) sk unix: 	Collected: ino 0x5f8 peer_ino 0x4150 family    1 type    1 state  1 name (null)
(00.101975) sk unix: 	Collected: ino 0x40fa peer_ino 0x40fb family    1 type    1 state  1 name (null)
(00.101977) sk unix: 	Collected: ino 0x72b8 peer_ino 0x47d4 family    1 type    1 state  1 name /run/systemd/journal/stdout
(00.101979) sk unix: 	Collected: ino 0x3b2e peer_ino 0x6bb family    1 type    1 state  1 name /run/dbus/system_bus_socket
(00.101981) sk unix: 	Collected: ino 0x7c46 peer_ino 0x2eba family    1 type    1 state  1 name /run/dbus/system_bus_socket
(00.101983) sk unix: 	Collected: ino 0x140516 peer_ino 0x13df5e family    1 type    1 state  1 name /run/dbus/system_bus_socket
(00.101985) sk unix: 	Collected: ino 0x105b47 peer_ino 0x104532 family    1 type    1 state  1 name (null)
(00.101986) sk unix: 	Collected: ino 0x2eb9 peer_ino 0x7c45 family    1 type    1 state  1 name (null)
(00.101988) sk unix: 	Collected: ino 0x70af peer_ino 0x3d68 family    1 type    1 state  1 name /run/systemd/journal/stdout
(00.101990) sk unix: 	Collected: ino 0x156cc peer_ino 0x1b28d family    1 type    1 state  1 name /run/dbus/system_bus_socket
(00.101992) sk unix: 	Collected: ino 0x59f1 peer_ino 0x4133 family    1 type    1 state  1 name (null)
(00.101993) sk unix: 	Collected: ino 0x1b28d peer_ino 0x156cc family    1 type    1 state  1 name (null)
(00.101995) sk unix: 	Collected: ino 0x413f peer_ino 0x5ba family    1 type    1 state  1 name /run/systemd/journal/stdout
(00.101998) sk unix: 	Collected: ino 0x104532 peer_ino 0x105b47 family    1 type    1 state  1 name /run/systemd/journal/stdout
(00.101999) sk unix: 	Collected: ino 0x7c92 peer_ino 0x421f family    1 type    1 state  1 name (null)
(00.102000) sk unix: 	Collected: ino 0x47d4 peer_ino 0x72b8 family    1 type    1 state  1 name (null)
(00.102002) sk unix: 	Collected: ino 0x40fb peer_ino 0x40fa family    1 type    1 state  1 name (null)
(00.102004) sk unix: 	Collected: ino 0x4150 peer_ino 0x5f8 family    1 type    1 state  1 name /run/systemd/journal/stdout
(00.102007) sk unix: 	Collected: ino 0x44ea peer_ino 0x3980 family    1 type    2 state  7 name (null)
(00.102009) sk unix: 	Collected: ino 0x4f84 peer_ino 0x317e family    1 type    1 state  1 name /run/systemd/journal/stdout
(00.102012) sk unix: 	Collected: ino 0x8065 peer_ino 0x4227 family    1 type    1 state  1 name (null)
(00.102014) sk unix: 	Collected: ino 0x4f7a peer_ino 0x2ec9 family    1 type    1 state  1 name /run/dbus/system_bus_socket
(00.102016) sk unix: 	Collected: ino 0x3d68 peer_ino 0x70af family    1 type    1 state  1 name (null)
(00.102017) sk unix: 	Collected: ino 0x105b77 peer_ino 0x3976 family    1 type    2 state  7 name (null)
(00.102018) sk unix: 	Collected: ino 0x3e89 peer_ino 0x3976 family    1 type    2 state  7 name (null)
(00.102020) sk unix: 	Collected: ino 0x2ec9 peer_ino 0x4f7a family    1 type    1 state  1 name (null)
(00.102021) sk unix: 	Collected: ino 0x5bc peer_ino 0x3976 family    1 type    2 state  7 name (null)
(00.102023) sk unix: 	Collected: ino 0x4133 peer_ino 0x59f1 family    1 type    1 state  1 name /run/systemd/journal/stdout
(00.102025) sk unix: 	Collected: ino 0x3dcd peer_ino 0x477e family    1 type    1 state  1 name /run/systemd/journal/stdout
(00.102027) sk unix: 	Collected: ino 0x4202 peer_ino 0x4bdf family    1 type    1 state  1 name (null)
(00.102029) sk unix: 	Collected: ino 0x7c4a peer_ino 0x421e family    1 type    1 state  1 name /run/dbus/system_bus_socket
(00.102030) sk unix: 	Collected: ino 0x13df5e peer_ino 0x140516 family    1 type    1 state  1 name (null)
(00.102033) sk unix: 	Collected: ino 0x4227 peer_ino 0x8065 family    1 type    1 state  1 name /run/systemd/journal/stdout
(00.102034) sk unix: 	Collected: ino 0x105b6a peer_ino 0x10492e family    1 type    1 state  1 name (null)
(00.102036) sk unix: 	Collected: ino 0x4bc7 peer_ino 0x633 family    1 type    1 state  1 name /run/systemd/journal/stdout
(00.102038) sk unix: 	Collected: ino 0x5a20 peer_ino 0 family    1 type    2 state  7 name (null)
(00.102039) sk unix: 	Collected: ino 0x5aa8 peer_ino 0 family    1 type    2 state  7 name (null)
(00.102040) sk unix: 	Collected: ino 0x477e peer_ino 0x3dcd family    1 type    1 state  1 name (null)
(00.102042) sk unix: 	Collected: ino 0x421c peer_ino 0x3976 family    1 type    2 state  7 name (null)
(00.102043) sk unix: 	Collected: ino 0x105b50 peer_ino 0x3976 family    1 type    2 state  7 name (null)
(00.102045) sk unix: 	Collected: ino 0x6bb peer_ino 0x3b2e family    1 type    1 state  1 name (null)
(00.102046) sk unix: 	Collected: ino 0x2eba peer_ino 0x7c46 family    1 type    1 state  1 name (null)
(00.103097) 	Collected: ino   0x5eb8 family    2 type    1 port     3306 state 10 src_addr 16.81.248.79
(00.103106) 	Collected: ino   0x2cf7 family    2 type    1 port      111 state 10 src_addr 0.0.0.0
(00.103108) 	Collected: ino   0x5b10 family    2 type    1 port       53 state 10 src_addr 192.168.122.1
(00.103110) 	Collected: ino   0x7a3d family    2 type    1 port       21 state 10 src_addr 0.0.0.0
(00.103112) 	Collected: ino    0x694 family    2 type    1 port       22 state 10 src_addr 0.0.0.0
(00.103114) 	Collected: ino 0x10163a family    2 type    1 port       22 state  1 src_addr 16.81.248.79
(00.103115) 	Collected: ino 0x14104a family    2 type    1 port       22 state  1 src_addr 16.81.248.79
(00.103117) 	Collected: ino 0x118381 family    2 type    1 port       22 state  1 src_addr 16.81.248.79
(00.103373) 	Collected: ino   0x2eb1 family    2 type    2 port    42411 state  7 src_addr 0.0.0.0
(00.103377) 	Collected: ino  0xeefaf family    2 type    2 port    54901 state  7 src_addr 0.0.0.0
(00.103378) 	Collected: ino   0x5b0f family    2 type    2 port       53 state  7 src_addr 192.168.122.1
(00.103380) 	Collected: ino   0x5b0c family    2 type    2 port       67 state  7 src_addr 0.0.0.0
(00.103382) 	Collected: ino  0xeefb8 family    2 type    2 port       68 state  7 src_addr 0.0.0.0
(00.103383) 	Collected: ino   0x2cf8 family    2 type    2 port      111 state  7 src_addr 0.0.0.0
(00.103385) 	Collected: ino   0x2e1c family    2 type    2 port      323 state  7 src_addr 127.0.0.1
(00.103390) 	Collected: ino   0x2eaf family    2 type    2 port     5353 state  7 src_addr 0.0.0.0
(00.104394) 	Collected: ino   0x727f family   10 type    1 port     9090 state 10 src_addr ::
(00.104400) 	Collected: ino   0x2cf9 family   10 type    1 port      111 state 10 src_addr ::
(00.104402) 	Collected: ino    0x696 family   10 type    1 port       22 state 10 src_addr ::
(00.104521) 	Collected: ino  0xeefb0 family   10 type    2 port    19665 state  7 src_addr ::
(00.104524) 	Collected: ino   0x2eb2 family   10 type    2 port    57211 state  7 src_addr ::
(00.104526) 	Collected: ino   0x2cfa family   10 type    2 port      111 state  7 src_addr ::
(00.104528) 	Collected: ino   0x2e1d family   10 type    2 port      323 state  7 src_addr ::1
(00.104529) 	Collected: ino   0x2eb0 family   10 type    2 port     5353 state  7 src_addr ::
(00.104643) Collect packet sock 978871 3
(00.104647) 	Got 0 mreqs
(00.104683) Collect netlink sock 0x36f2
(00.104685) Collect netlink sock 0x2eb3
(00.104686) Collect netlink sock 0x5b0d
(00.104687) Collect netlink sock 0x7
(00.104688) Collect netlink sock 0x3ab0
(00.104689) Collect netlink sock 0x1b28c
(00.104691) Collect netlink sock 0x3ee2
(00.104692) Collect netlink sock 0x7d28
(00.104693) Collect netlink sock 0x1b28c
(00.104694) Collect netlink sock 0x5b0d
(00.104695) Collect netlink sock 0x3ee2
(00.104696) Collect netlink sock 0x3ab0
(00.104697) Collect netlink sock 0x2eb3
(00.104698) Collect netlink sock 0x1a9f72
(00.104699) Collect netlink sock 0x2c02
(00.104700) Collect netlink sock 0x2c03
(00.104709) Collect netlink sock 0x2b92
(00.104712) Collect netlink sock 0x3511
(00.104713) Collect netlink sock 0x2b7f
(00.104714) Collect netlink sock 0x397d
(00.104715) Collect netlink sock 0x3dd7
(00.104716) Collect netlink sock 0x397d
(00.104717) Collect netlink sock 0x20b1
(00.104719) Collect netlink sock 0x32
(00.104720) Collect netlink sock 0x31dd
(00.104721) Collect netlink sock 0x3aae
(00.104722) Collect netlink sock 0x2e23
(00.104723) Collect netlink sock 0x9
(00.104724) Collect netlink sock 0x421d
(00.104725) Collect netlink sock 0x3aaf
(00.104726) Collect netlink sock 0x10277e
(00.104728) Collect netlink sock 0x5a93
(00.104729) Collect netlink sock 0x2e24
(00.104730) Collect netlink sock 0x2e26
(00.104731) Collect netlink sock 0x3cd0
(00.104732) Collect netlink sock 0x2e25
(00.104733) Collect netlink sock 0x7d29
(00.104734) Collect netlink sock 0x7072
(00.104735) Collect netlink sock 0x36f4
(00.104736) Collect netlink sock 0x10277e
(00.104737) Collect netlink sock 0x36f4
(00.104739) Collect netlink sock 0x7d29
(00.104740) Collect netlink sock 0x5a93
(00.104741) Collect netlink sock 0x3aaf
(00.104742) Collect netlink sock 0x3aae
(00.104743) Collect netlink sock 0x421d
(00.104744) Collect netlink sock 0x2e26
(00.104745) Collect netlink sock 0x2e25
(00.104746) Collect netlink sock 0x2e24
(00.104747) Collect netlink sock 0x2e23
(00.104748) Collect netlink sock 0x3cd0
(00.104750) Collect netlink sock 0x7072
(00.104751) Collect netlink sock 0x3a
(00.104752) Collect netlink sock 0x35
(00.104779) ========================================
(00.104781) Dumping task (pid: 20297)
(00.104782) ========================================
(00.104783) Obtaining task stat ... 
(00.104810) 
(00.104811) Collecting mappings (pid: 20297)
(00.104813) ----------------------------------------
(00.105001) Dumping path for -3 fd via self 8 [/usr/bin/bash]
(00.105101) vma 55acd42bf000 borrows vfi from previous 55acd3fc8000
(00.105123) vma 55acd42c3000 borrows vfi from previous 55acd42bf000
(00.105227) Dumping path for -3 fd via self 8 [/usr/lib/locale/locale-archive]
(00.105305) Dumping path for -3 fd via self 8 [/usr/lib64/libc-2.23.so]
(00.105329) vma 7f644f800000 borrows vfi from previous 7f644f647000
(00.105346) vma 7f644f9ff000 borrows vfi from previous 7f644f800000
(00.105381) vma 7f644fa03000 borrows vfi from previous 7f644f9ff000
(00.105436) Dumping path for -3 fd via self 8 [/usr/lib64/libdl-2.23.so]
(00.105481) vma 7f644fa0c000 borrows vfi from previous 7f644fa09000
(00.105506) vma 7f644fc0b000 borrows vfi from previous 7f644fa0c000
(00.105524) vma 7f644fc0c000 borrows vfi from previous 7f644fc0b000
(00.105560) Dumping path for -3 fd via self 8 [/usr/lib64/libtinfo.so.6.0]
(00.105578) vma 7f644fc34000 borrows vfi from previous 7f644fc0d000
(00.105598) vma 7f644fe34000 borrows vfi from previous 7f644fc34000
(00.105656) vma 7f644fe38000 borrows vfi from previous 7f644fe34000
(00.105715) Dumping path for -3 fd via self 8 [/usr/lib64/ld-2.23.so]
(00.105775) Dumping path for -3 fd via self 8 [/usr/lib64/gconv/gconv-modules.cache]
(00.105861) vma 7f645005d000 borrows vfi from previous 7f645005c000
(00.105957) Collected, longest area occupies 26995 pages
(00.105961) 0x55acd3fc8000-0x55acd40c0000 (992K) prot 0x5 flags 0x2 fdflags 0 st 0x41 off 0 reg fp  shmid: 0x1
(00.105965) 0x55acd42bf000-0x55acd42c3000 (16K) prot 0x1 flags 0x2 fdflags 0 st 0x41 off 0xf7000 reg fp  shmid: 0x1
(00.105969) 0x55acd42c3000-0x55acd42cc000 (36K) prot 0x3 flags 0x2 fdflags 0 st 0x41 off 0xfb000 reg fp  shmid: 0x1
(00.105972) 0x55acd42cc000-0x55acd42d1000 (20K) prot 0x3 flags 0x22 fdflags 0 st 0x201 off 0 reg ap  shmid: 0
(00.105974) 0x55acd43df000-0x55acd4400000 (132K) prot 0x3 flags 0x22 fdflags 0 st 0x221 off 0 reg heap ap  shmid: 0
(00.105976) 0x7f6448cd4000-0x7f644f647000 (107980K) prot 0x1 flags 0x2 fdflags 0 st 0x41 off 0 reg fp  shmid: 0x2
(00.105978) 0x7f644f647000-0x7f644f800000 (1764K) prot 0x5 flags 0x2 fdflags 0 st 0x41 off 0 reg fp  shmid: 0x3
(00.105980) 0x7f644f800000-0x7f644f9ff000 (2044K) prot 0 flags 0x2 fdflags 0 st 0x41 off 0x1b9000 reg fp  shmid: 0x3
(00.105981) 0x7f644f9ff000-0x7f644fa03000 (16K) prot 0x1 flags 0x2 fdflags 0 st 0x41 off 0x1b8000 reg fp  shmid: 0x3
(00.105983) 0x7f644fa03000-0x7f644fa05000 (8K) prot 0x3 flags 0x2 fdflags 0 st 0x41 off 0x1bc000 reg fp  shmid: 0x3
(00.105985) 0x7f644fa05000-0x7f644fa09000 (16K) prot 0x3 flags 0x22 fdflags 0 st 0x201 off 0 reg ap  shmid: 0
(00.105987) 0x7f644fa09000-0x7f644fa0c000 (12K) prot 0x5 flags 0x2 fdflags 0 st 0x41 off 0 reg fp  shmid: 0x4
(00.105988) 0x7f644fa0c000-0x7f644fc0b000 (2044K) prot 0 flags 0x2 fdflags 0 st 0x41 off 0x3000 reg fp  shmid: 0x4
(00.105990) 0x7f644fc0b000-0x7f644fc0c000 (4K) prot 0x1 flags 0x2 fdflags 0 st 0x41 off 0x2000 reg fp  shmid: 0x4
(00.105992) 0x7f644fc0c000-0x7f644fc0d000 (4K) prot 0x3 flags 0x2 fdflags 0 st 0x41 off 0x3000 reg fp  shmid: 0x4
(00.105993) 0x7f644fc0d000-0x7f644fc34000 (156K) prot 0x5 flags 0x2 fdflags 0 st 0x41 off 0 reg fp  shmid: 0x5
(00.105995) 0x7f644fc34000-0x7f644fe34000 (2048K) prot 0 flags 0x2 fdflags 0 st 0x41 off 0x27000 reg fp  shmid: 0x5
(00.105997) 0x7f644fe34000-0x7f644fe38000 (16K) prot 0x1 flags 0x2 fdflags 0 st 0x41 off 0x27000 reg fp  shmid: 0x5
(00.105998) 0x7f644fe38000-0x7f644fe39000 (4K) prot 0x3 flags 0x2 fdflags 0 st 0x41 off 0x2b000 reg fp  shmid: 0x5
(00.106000) 0x7f644fe39000-0x7f644fe5d000 (144K) prot 0x5 flags 0x2 fdflags 0 st 0x41 off 0 reg fp  shmid: 0x6
(00.106001) 0x7f6450041000-0x7f6450044000 (12K) prot 0x3 flags 0x22 fdflags 0 st 0x201 off 0 reg ap  shmid: 0
(00.106003) 0x7f6450054000-0x7f645005b000 (28K) prot 0x1 flags 0x1 fdflags 0 st 0x81 off 0 reg fs  shmid: 0x7
(00.106005) 0x7f645005b000-0x7f645005c000 (4K) prot 0x3 flags 0x22 fdflags 0 st 0x201 off 0 reg ap  shmid: 0
(00.106006) 0x7f645005c000-0x7f645005d000 (4K) prot 0x1 flags 0x2 fdflags 0 st 0x41 off 0x23000 reg fp  shmid: 0x6
(00.106008) 0x7f645005d000-0x7f645005e000 (4K) prot 0x3 flags 0x2 fdflags 0 st 0x41 off 0x24000 reg fp  shmid: 0x6
(00.106010) 0x7f645005e000-0x7f645005f000 (4K) prot 0x3 flags 0x22 fdflags 0 st 0x201 off 0 reg ap  shmid: 0
(00.106011) 0x7ffe5b0da000-0x7ffe5b0fc000 (136K) prot 0x3 flags 0x122 fdflags 0 st 0x201 off 0 reg ap  shmid: 0
(00.106013) 0x7ffe5b157000-0x7ffe5b159000 (8K) prot 0x1 flags 0x22 fdflags 0 st 0x1201 off 0 reg vvar ap  shmid: 0
(00.106015) 0x7ffe5b159000-0x7ffe5b15b000 (8K) prot 0x5 flags 0x22 fdflags 0 st 0x209 off 0 reg vdso ap  shmid: 0
(00.106017) 0xffffffffff600000-0xffffffffff601000 (4K) prot 0x5 flags 0x22 fdflags 0 st 0x204 off 0 vsys ap  shmid: 0
(00.106023) ----------------------------------------
(00.106024) 
(00.106025) Collecting fds (pid: 20297)
(00.106026) ----------------------------------------
(00.106046) Found 4 file descriptors
(00.106048) ----------------------------------------
(00.106055) Dump private signals of 20297
(00.106060) Dump shared signals of 20297
(00.106067) Parasite syscall_ip at 0x55acd3fc8000
(00.106170) Set up parasite blob using memfd
(00.106173) Putting parasite blob into 0x7f2025a68000->0x7f644ffc3000
(00.106212) Dumping general registers for 20297 in native mode
(00.106215) Dumping GP/FPU registers for 20297
(00.106220) xsave runtime structure
(00.106222) -----------------------
(00.106223) cwd:37f swd:0 twd:0 fop:0 mxcsr:1f80 mxcsr_mask:ffff
(00.106224) magic1:46505853 extended_size:344 xstate_bv:7 xstate_size:340
(00.106226) xstate_bv: 7
(00.106227) -----------------------
(00.106228) Putting tsock into pid 20297
(00.106267) Wait for parasite being daemonized...
(00.106270) Wait for ack 2 on daemon socket
pie: 20297: Running daemon thread leader
pie: 20297: __sent ack msg: 2 2 0
pie: 20297: Daemon waits for command
(00.106285) Fetched ack: 2 2 0
(00.106287) Parasite 20297 has been switched to daemon mode
(00.106297) Sent msg to daemon 74 0 0
(00.106299) Wait for ack 74 on daemon socket
pie: 20297: __fetched msg: 74 0 0
pie: 20297: __sent ack msg: 74 74 0
pie: 20297: Daemon waits for command
(00.106307) Fetched ack: 74 74 0
(00.106315) Sent msg to daemon 70 0 0
(00.106317) Wait for ack 70 on daemon socket
pie: 20297: __fetched msg: 70 0 0
pie: 20297: __sent ack msg: 70 70 0
pie: 20297: Daemon waits for command
(00.106327) Fetched ack: 70 70 0
(00.106329) sid=17996 pgid=20297 pid=20297
(00.106359) 
(00.106361) Dumping opened files (pid: 20297)
(00.106363) ----------------------------------------
(00.106368) Sent msg to daemon 71 0 0
pie: 20297: __fetched msg: 71 0 0
pie: 20297: __sent ack msg: 71 71 0
pie: 20297: Daemon waits for command
(00.106383) Wait for ack 71 on daemon socket
(00.106385) Fetched ack: 71 71 0
(00.106406) 20297 fdinfo 0: pos:                0 flags:           102002/0
(00.106420) tty: Dumping tty 8 with id 0x8
(00.106423) Dumping path for 0 fd via self 8 [/dev/pts/0]
(00.106430) Sent msg to daemon 73 0 0
(00.106432) Wait for ack 73 on daemon socket
pie: 20297: __fetched msg: 73 0 0
pie: 20297: __sent ack msg: 73 73 0
pie: 20297: Daemon waits for command
(00.106444) Fetched ack: 73 73 0
(00.106488) fdinfo: type: 0xb flags: 0102002/0 pos:        0 fd: 0
(00.106513) 20297 fdinfo 1: pos:                0 flags:           102002/0
(00.106522) fdinfo: type: 0xb flags: 0102002/0 pos:        0 fd: 1
(00.106529) 20297 fdinfo 2: pos:                0 flags:           102002/0
(00.106534) fdinfo: type: 0xb flags: 0102002/0 pos:        0 fd: 2
(00.106544) 20297 fdinfo 255: pos:             0x30 flags:          2100000/0x1
(00.106550) Dumping path for 255 fd via self 12 [/home/jay/test.sh]
(00.106554) fdinfo: type: 0x1 flags: 02100000/01 pos:     0x30 fd: 255
(00.106557) ----------------------------------------
(00.106574) Sent msg to daemon 65 0 0
(00.106576) Wait for ack 65 on daemon socket
pie: 20297: __fetched msg: 65 0 0
pie: 20297: __sent ack msg: 65 65 0
pie: 20297: Daemon waits for command
(00.106592) Fetched ack: 65 65 0
(00.106594) 
(00.106596) Dumping pages (type: 68 pid: 20297)
(00.106597) ----------------------------------------
(00.106598)    Private vmas 26995/29409 pages
(00.106617) pagemap-cache: created for pid 20297 (takes 215960 bytes)
(00.106620) page-pipe: Create page pipe for 29409 segs
(00.106623) page-pipe: Will grow page pipe (iov off is 0)
(00.106665) pagemap-cache: filling VMA 55acd3fc8000-55acd40c0000 (992K) [l:55acd3e00000 h:55acd4000000]
(00.106675) page-pipe: Add iov to page pipe (0 iovs, 0/29409 total)
(00.106678) Pagemap generated: 1 pages 0 holes
(00.106679) pagemap-cache: filling VMA 55acd42bf000-55acd42c3000 (16K) [l:55acd4200000 h:55acd4400000]
(00.106683) page-pipe: Add iov to page pipe (1 iovs, 1/29409 total)
(00.106685) Pagemap generated: 4 pages 0 holes
(00.106690) pagemap-cache: filling VMA 55acd42c3000-55acd42cc000 (36K) [l:55acd4200000 h:55acd4400000]
(00.106694) Pagemap generated: 9 pages 0 holes
(00.106695) pagemap-cache: filling VMA 55acd42cc000-55acd42d1000 (20K) [l:55acd4200000 h:55acd4400000]
(00.106699) page-pipe: Grow pipe 10 -> 20
(00.106701) Pagemap generated: 5 pages 0 holes
(00.106702) pagemap-cache: filling VMA 55acd43df000-55acd4400000 (132K) [l:55acd4200000 h:55acd4400000]
(00.106712) page-pipe: Add iov to page pipe (2 iovs, 2/29409 total)
(00.106716) Pagemap generated: 10 pages 0 holes
(00.106717) pagemap-cache: filling VMA 7f6448cd4000-7f644f647000 (107980K) [l:7f6448c00000 h:7f6448e00000]
(00.106962) Pagemap generated: 0 pages 0 holes
(00.106965) pagemap-cache: filling VMA 7f644f647000-7f644f800000 (1764K) [l:7f644f600000 h:7f644f800000]
(00.106966) pagemap-cache: 	    7f644f647000-7f644f800000     nr:1     cov:1806336
(00.106968) pagemap-cache: 	simple mode [l:7f644f647000 h:7f644f800000]
(00.106978) Pagemap generated: 0 pages 0 holes
(00.106979) pagemap-cache: filling VMA 7f644f800000-7f644f9ff000 (2044K) [l:7f644f800000 h:7f644fa00000]
(00.106980) pagemap-cache: 	    7f644f800000-7f644f9ff000     nr:1     cov:2093056
(00.106982) pagemap-cache: 	simple mode [l:7f644f800000 h:7f644f9ff000]
(00.106988) Pagemap generated: 0 pages 0 holes
(00.106989) pagemap-cache: filling VMA 7f644f9ff000-7f644fa03000 (16K) [l:7f644f800000 h:7f644fa00000]
(00.106993) page-pipe: Add iov to page pipe (3 iovs, 3/29409 total)
(00.106997) page-pipe: Grow pipe 20 -> 40
(00.106999) Pagemap generated: 4 pages 0 holes
(00.107000) pagemap-cache: filling VMA 7f644fa03000-7f644fa05000 (8K) [l:7f644fa00000 h:7f644fc00000]
(00.107001) pagemap-cache: 	    7f644fa03000-7f644fa05000     nr:1     cov:8192
(00.107003) pagemap-cache: 	    7f644fa05000-7f644fa09000     nr:2     cov:24576
(00.107004) pagemap-cache: 	    7f644fa09000-7f644fa0c000     nr:3     cov:36864
(00.107006) pagemap-cache: 	cache  mode [l:7f644fa03000 h:7f644fc00000]
(00.107009) Pagemap generated: 2 pages 0 holes
(00.107011) page-pipe: Add iov to page pipe (4 iovs, 4/29409 total)
(00.107012) Pagemap generated: 2 pages 0 holes
(00.107013) Pagemap generated: 0 pages 0 holes
(00.107015) pagemap-cache: filling VMA 7f644fa0c000-7f644fc0b000 (2044K) [l:7f644fa00000 h:7f644fc00000]
(00.107016) pagemap-cache: 	    7f644fa0c000-7f644fc0b000     nr:1     cov:2093056
(00.107017) pagemap-cache: 	simple mode [l:7f644fa0c000 h:7f644fc0b000]
(00.107024) Pagemap generated: 0 pages 0 holes
(00.107026) pagemap-cache: filling VMA 7f644fc0b000-7f644fc0c000 (4K) [l:7f644fc00000 h:7f644fe00000]
(00.107027) pagemap-cache: 	    7f644fc0b000-7f644fc0c000     nr:1     cov:4096
(00.107029) pagemap-cache: 	    7f644fc0c000-7f644fc0d000     nr:2     cov:8192
(00.107030) pagemap-cache: 	    7f644fc0d000-7f644fc34000     nr:3     cov:167936
(00.107031) pagemap-cache: 	cache  mode [l:7f644fc0b000 h:7f644fe00000]
(00.107035) page-pipe: Add iov to page pipe (5 iovs, 5/29409 total)
(00.107037) Pagemap generated: 1 pages 0 holes
(00.107038) Pagemap generated: 1 pages 0 holes
(00.107039) Pagemap generated: 0 pages 0 holes
(00.107040) pagemap-cache: filling VMA 7f644fc34000-7f644fe34000 (2048K) [l:7f644fc00000 h:7f644fe00000]
(00.107048) Pagemap generated: 0 pages 0 holes
(00.107049) pagemap-cache: filling VMA 7f644fe34000-7f644fe38000 (16K) [l:7f644fe00000 h:7f6450000000]
(00.107051) pagemap-cache: 	    7f644fe34000-7f644fe38000     nr:1     cov:16384
(00.107052) pagemap-cache: 	    7f644fe38000-7f644fe39000     nr:2     cov:20480
(00.107054) pagemap-cache: 	    7f644fe39000-7f644fe5d000     nr:3     cov:167936
(00.107055) pagemap-cache: 	cache  mode [l:7f644fe34000 h:7f6450000000]
(00.107059) page-pipe: Add iov to page pipe (6 iovs, 6/29409 total)
(00.107060) Pagemap generated: 4 pages 0 holes
(00.107061) Pagemap generated: 1 pages 0 holes
(00.107063) Pagemap generated: 0 pages 0 holes
(00.107064) pagemap-cache: filling VMA 7f6450041000-7f6450044000 (12K) [l:7f6450000000 h:7f6450200000]
(00.107065) pagemap-cache: 	    7f6450041000-7f6450044000     nr:1     cov:12288
(00.107069) pagemap-cache: 	    7f6450054000-7f645005b000     nr:2     cov:40960
(00.107071) pagemap-cache: 	    7f645005b000-7f645005c000     nr:3     cov:45056
(00.107072) pagemap-cache: 	    7f645005c000-7f645005d000     nr:4     cov:49152
(00.107073) pagemap-cache: 	    7f645005d000-7f645005e000     nr:5     cov:53248
(00.107075) pagemap-cache: 	    7f645005e000-7f645005f000     nr:6     cov:57344
(00.107076) pagemap-cache: 	cache  mode [l:7f6450041000 h:7f6450200000]
(00.107080) page-pipe: Add iov to page pipe (7 iovs, 7/29409 total)
(00.107082) Pagemap generated: 3 pages 0 holes
(00.107083) page-pipe: Add iov to page pipe (8 iovs, 8/29409 total)
(00.107084) Pagemap generated: 1 pages 0 holes
(00.107086) Pagemap generated: 1 pages 0 holes
(00.107087) Pagemap generated: 1 pages 0 holes
(00.107088) Pagemap generated: 1 pages 0 holes
(00.107089) pagemap-cache: filling VMA 7ffe5b0da000-7ffe5b0fc000 (136K) [l:7ffe5b000000 h:7ffe5b200000]
(00.107092) page-pipe: Add iov to page pipe (9 iovs, 9/29409 total)
(00.107094) Pagemap generated: 3 pages 0 holes
(00.107095) pagemap-cache: filling VMA 7ffe5b157000-7ffe5b159000 (8K) [l:7ffe5b000000 h:7ffe5b200000]
(00.107097) Pagemap generated: 0 pages 0 holes
(00.107098) pagemap-cache: filling VMA 7ffe5b159000-7ffe5b15b000 (8K) [l:7ffe5b000000 h:7ffe5b200000]
(00.107101) page-pipe: Add iov to page pipe (10 iovs, 10/29409 total)
(00.107102) Pagemap generated: 2 pages 0 holes
(00.107103) page-pipe: Page pipe:
(00.107105) page-pipe: * 1 pipes 11/29409 iovs:
(00.107106) page-pipe: 	buf 56 pages, 11 iovs:
(00.107107) page-pipe: 		0x55acd3fc8000 1
(00.107109) page-pipe: 		0x55acd42bf000 18
(00.107110) page-pipe: 		0x55acd43df000 10
(00.107111) page-pipe: 		0x7f644f9ff000 7
(00.107112) page-pipe: 		0x7f644fa08000 1
(00.107113) page-pipe: 		0x7f644fc0b000 2
(00.107114) page-pipe: 		0x7f644fe34000 5
(00.107116) page-pipe: 		0x7f6450041000 3
(00.107117) page-pipe: 		0x7f645005b000 4
(00.107118) page-pipe: 		0x7ffe5b0f9000 3
(00.107119) page-pipe: 		0x7ffe5b159000 2
(00.107120) page-pipe: * 0 holes:
(00.107121) PPB: 56 pages 11 segs 64 pipe 0 off
(00.107127) Sent msg to daemon 66 0 0
pie: 20297: __fetched msg: 66 0 0
(00.107131) Wait for ack 66 on daemon socket
pie: 20297: __sent ack msg: 66 66 0
pie: 20297: Daemon waits for command
(00.107151) Fetched ack: 66 66 0
(00.107153) Transferring pages:
(00.107154) 	buf 56/11
(00.107156) 	p 0x55acd3fc8000 [1]
(00.107174) 	p 0x55acd42bf000 [18]
(00.107222) 	p 0x55acd43df000 [10]
(00.107256) 	p 0x7f644f9ff000 [7]
(00.107278) 	p 0x7f644fa08000 [1]
(00.107287) 	p 0x7f644fc0b000 [2]
(00.107299) 	p 0x7f644fe34000 [5]
(00.107319) 	p 0x7f6450041000 [3]
(00.107336) 	p 0x7f645005b000 [4]
(00.107354) 	p 0x7ffe5b0f9000 [3]
(00.107372) 	p 0x7ffe5b159000 [2]
(00.107402) page-pipe: Killing page pipe
(00.107421) ----------------------------------------
(00.107427) Sent msg to daemon 65 0 0
(00.107429) Wait for ack 65 on daemon socket
pie: 20297: __fetched msg: 65 0 0
pie: 20297: __sent ack msg: 65 65 0
pie: 20297: Daemon waits for command
(00.107442) Fetched ack: 65 65 0
(00.107447) Sent msg to daemon 67 0 0
(00.107448) Wait for ack 67 on daemon socket
pie: 20297: __fetched msg: 67 0 0
pie: 20297: __sent ack msg: 67 67 0
pie: 20297: Daemon waits for command
(00.107466) Fetched ack: 67 67 0
(00.107478) Sent msg to daemon 68 0 0
(00.107480) Wait for ack 68 on daemon socket
pie: 20297: __fetched msg: 68 0 0
pie: 20297: __sent ack msg: 68 68 0
pie: 20297: Daemon waits for command
(00.107488) Fetched ack: 68 68 0
(00.107493) Sent msg to daemon 69 0 0
(00.107494) Wait for ack 69 on daemon socket
pie: 20297: __fetched msg: 69 0 0
pie: 20297: __sent ack msg: 69 69 0
pie: 20297: Daemon waits for command
(00.107502) Fetched ack: 69 69 0
(00.107504) 
(00.107505) Dumping core (pid: 20297)
(00.107506) ----------------------------------------
(00.107507) Obtaining personality ... 
(00.107520) Sent msg to daemon 64 0 0
(00.107522) Wait for ack 64 on daemon socket
pie: 20297: __fetched msg: 64 0 0
pie: 20297: __sent ack msg: 64 64 0
pie: 20297: Daemon waits for command
(00.107551) Fetched ack: 64 64 0
(00.107558) 20297 has 0 sched policy
(00.107562) 	dumping 0 nice for 20297
(00.107563) dumping /proc/20297/loginuid
(00.107569) dumping /proc/20297/oom_score_adj
(00.107579) Sent msg to daemon 76 0 0
(00.107581) Wait for ack 76 on daemon socket
pie: 20297: __fetched msg: 76 0 0
pie: 20297: __sent ack msg: 76 76 0
pie: 20297: Daemon waits for command
(00.107634) Fetched ack: 76 76 0
(00.107637) cg: Dumping cgroups for 20297
(00.107673) cg:  `- New css ID 2
(00.107675) cg:     `- [blkio] -> [/user.slice/user-1000.slice] [0]
(00.107676) cg:     `- [cpu,cpuacct] -> [/user.slice/user-1000.slice] [0]
(00.107678) cg:     `- [cpuset] -> [/] [0]
(00.107679) cg:     `- [devices] -> [/user.slice/user-1000.slice] [0]
(00.107680) cg:     `- [freezer] -> [/] [0]
(00.107682) cg:     `- [hugetlb] -> [/] [0]
(00.107683) cg:     `- [memory] -> [/user.slice/user-1000.slice] [0]
(00.107684) cg:     `- [name=systemd] -> [/user.slice/user-1000.slice/session-71.scope] [0]
(00.107686) cg:     `- [net_cls,net_prio] -> [/] [0]
(00.107687) cg:     `- [perf_event] -> [/] [0]
(00.107688) cg:     `- [pids] -> [/user.slice/user-1000.slice/session-71.scope] [0]
(00.123865) cg: adding cgroup /proc/self/fd/8/user.slice/user-1000.slice
(00.123887) cg: Dumping value 500 from /proc/self/fd/8/user.slice/user-1000.slice/blkio.weight
(00.123899) cg: Dumping value 0 from /proc/self/fd/8/user.slice/user-1000.slice/cgroup.clone_children
(00.123908) cg: Dumping value 0 from /proc/self/fd/8/user.slice/user-1000.slice/notify_on_release
(00.123917) cg: Dumping value  from /proc/self/fd/8/user.slice/user-1000.slice/cgroup.procs
(00.123925) cg: Dumping value  from /proc/self/fd/8/user.slice/user-1000.slice/tasks
(00.139868) cg: adding cgroup /proc/self/fd/8/user.slice/user-1000.slice
(00.139885) cg: Dumping value 1024 from /proc/self/fd/8/user.slice/user-1000.slice/cpu.shares
(00.139894) cg: Dumping value 100000 from /proc/self/fd/8/user.slice/user-1000.slice/cpu.cfs_period_us
(00.139903) cg: Dumping value -1 from /proc/self/fd/8/user.slice/user-1000.slice/cpu.cfs_quota_us
(00.139910) cg: Couldn't open /proc/self/fd/8/user.slice/user-1000.slice/cpu.rt_period_us. This cgroup property may not exist on this kernel
(00.139915) cg: Couldn't open /proc/self/fd/8/user.slice/user-1000.slice/cpu.rt_runtime_us. This cgroup property may not exist on this kernel
(00.139924) cg: Dumping value 0 from /proc/self/fd/8/user.slice/user-1000.slice/cgroup.clone_children
(00.139933) cg: Dumping value 0 from /proc/self/fd/8/user.slice/user-1000.slice/notify_on_release
(00.139942) cg: Dumping value  from /proc/self/fd/8/user.slice/user-1000.slice/cgroup.procs
(00.139950) cg: Dumping value  from /proc/self/fd/8/user.slice/user-1000.slice/tasks
(00.139958) cg: Dumping value 0 from /proc/self/fd/8/user.slice/user-1000.slice/cgroup.clone_children
(00.139966) cg: Dumping value 0 from /proc/self/fd/8/user.slice/user-1000.slice/notify_on_release
(00.139974) cg: Dumping value  from /proc/self/fd/8/user.slice/user-1000.slice/cgroup.procs
(00.139981) cg: Dumping value  from /proc/self/fd/8/user.slice/user-1000.slice/tasks
(00.155820) cg: adding cgroup /proc/self/fd/8
(00.155836) cg: Dumping value 0-19 from /proc/self/fd/8/cpuset.cpus
(00.155844) cg: Dumping value 0 from /proc/self/fd/8/cpuset.mems
(00.155852) cg: Dumping value 0 from /proc/self/fd/8/cpuset.memory_migrate
(00.155859) cg: Dumping value 1 from /proc/self/fd/8/cpuset.cpu_exclusive
(00.155867) cg: Dumping value 1 from /proc/self/fd/8/cpuset.mem_exclusive
(00.155874) cg: Dumping value 0 from /proc/self/fd/8/cpuset.mem_hardwall
(00.155882) cg: Dumping value 0 from /proc/self/fd/8/cpuset.memory_spread_page
(00.155889) cg: Dumping value 0 from /proc/self/fd/8/cpuset.memory_spread_slab
(00.155896) cg: Dumping value 1 from /proc/self/fd/8/cpuset.sched_load_balance
(00.155903) cg: Dumping value -1 from /proc/self/fd/8/cpuset.sched_relax_domain_level
(00.155911) cg: Dumping value 0 from /proc/self/fd/8/cgroup.clone_children
(00.155918) cg: Dumping value 0 from /proc/self/fd/8/notify_on_release
(00.155929) cg: Dumping value  from /proc/self/fd/8/cgroup.procs
(00.155936) cg: Dumping value  from /proc/self/fd/8/tasks
(00.171823) cg: adding cgroup /proc/self/fd/8/user.slice/user-1000.slice
(00.171841) cg: Dumping value a *:* rwm from /proc/self/fd/8/user.slice/user-1000.slice/devices.list
(00.171849) cg: Dumping value 0 from /proc/self/fd/8/user.slice/user-1000.slice/cgroup.clone_children
(00.171857) cg: Dumping value 0 from /proc/self/fd/8/user.slice/user-1000.slice/notify_on_release
(00.171864) cg: Dumping value  from /proc/self/fd/8/user.slice/user-1000.slice/cgroup.procs
(00.171872) cg: Dumping value  from /proc/self/fd/8/user.slice/user-1000.slice/tasks
(00.187898) cg: adding cgroup /proc/self/fd/8
(00.187917) cg: Dumping value 0 from /proc/self/fd/8/cgroup.clone_children
(00.187926) cg: Dumping value 0 from /proc/self/fd/8/notify_on_release
(00.187933) cg: Dumping value  from /proc/self/fd/8/cgroup.procs
(00.187941) cg: Dumping value  from /proc/self/fd/8/tasks
(00.203908) cg: adding cgroup /proc/self/fd/8
(00.203927) cg: Dumping value 0 from /proc/self/fd/8/cgroup.clone_children
(00.203935) cg: Dumping value 0 from /proc/self/fd/8/notify_on_release
(00.203946) cg: Dumping value  from /proc/self/fd/8/cgroup.procs
(00.203953) cg: Dumping value  from /proc/self/fd/8/tasks
(00.223960) cg: adding cgroup /proc/self/fd/8/user.slice/user-1000.slice
(00.223999) cg: Dumping value 9223372036854771712 from /proc/self/fd/8/user.slice/user-1000.slice/memory.limit_in_bytes
(00.224017) cg: Dumping value 9223372036854771712 from /proc/self/fd/8/user.slice/user-1000.slice/memory.memsw.limit_in_bytes
(00.224034) cg: Dumping value 60 from /proc/self/fd/8/user.slice/user-1000.slice/memory.swappiness
(00.224064) cg: Dumping value 9223372036854771712 from /proc/self/fd/8/user.slice/user-1000.slice/memory.soft_limit_in_bytes
(00.224072) cg: Dumping value 0 from /proc/self/fd/8/user.slice/user-1000.slice/memory.move_charge_at_immigrate
(00.224084) cg: Dumping value 0 from /proc/self/fd/8/user.slice/user-1000.slice/memory.oom_control
(00.224093) cg: Dumping value 1 from /proc/self/fd/8/user.slice/user-1000.slice/memory.use_hierarchy
(00.224101) cg: Dumping value 9223372036854771712 from /proc/self/fd/8/user.slice/user-1000.slice/memory.kmem.limit_in_bytes
(00.224124) cg: Dumping value 9223372036854771712 from /proc/self/fd/8/user.slice/user-1000.slice/memory.kmem.tcp.limit_in_bytes
(00.224131) cg: Dumping value 0 from /proc/self/fd/8/user.slice/user-1000.slice/cgroup.clone_children
(00.224138) cg: Dumping value 0 from /proc/self/fd/8/user.slice/user-1000.slice/notify_on_release
(00.224161) cg: Dumping value  from /proc/self/fd/8/user.slice/user-1000.slice/cgroup.procs
(00.224167) cg: Dumping value  from /proc/self/fd/8/user.slice/user-1000.slice/tasks
(00.239967) cg: adding cgroup /proc/self/fd/8/user.slice/user-1000.slice/session-71.scope
(00.240011) cg: Dumping value 0 from /proc/self/fd/8/user.slice/user-1000.slice/session-71.scope/cgroup.clone_children
(00.240031) cg: Dumping value 1 from /proc/self/fd/8/user.slice/user-1000.slice/session-71.scope/notify_on_release
(00.240048) cg: Dumping value  from /proc/self/fd/8/user.slice/user-1000.slice/session-71.scope/cgroup.procs
(00.240074) cg: Dumping value  from /proc/self/fd/8/user.slice/user-1000.slice/session-71.scope/tasks
(00.251960) cg: adding cgroup /proc/self/fd/8
(00.252008) cg: Dumping value 0 from /proc/self/fd/8/net_cls.classid
(00.252017) cg: Dumping value 0 from /proc/self/fd/8/cgroup.clone_children
(00.252024) cg: Dumping value 0 from /proc/self/fd/8/notify_on_release
(00.252047) cg: Dumping value  from /proc/self/fd/8/cgroup.procs
(00.252053) cg: Dumping value  from /proc/self/fd/8/tasks
(00.252064) cg: Dumping value lo 0
eno1 0
eno2 0
eno49 0
eno3 0
eno4 0
eno50 0
virbr0 0
virbr0-nic 0 from /proc/self/fd/8/net_prio.ifpriomap
(00.252070) cg: Dumping value 0 from /proc/self/fd/8/cgroup.clone_children
(00.252077) cg: Dumping value 0 from /proc/self/fd/8/notify_on_release
(00.252083) cg: Dumping value  from /proc/self/fd/8/cgroup.procs
(00.252088) cg: Dumping value  from /proc/self/fd/8/tasks
(00.267960) cg: adding cgroup /proc/self/fd/8
(00.267979) cg: Dumping value 0 from /proc/self/fd/8/cgroup.clone_children
(00.267987) cg: Dumping value 0 from /proc/self/fd/8/notify_on_release
(00.267995) cg: Dumping value  from /proc/self/fd/8/cgroup.procs
(00.268002) cg: Dumping value  from /proc/self/fd/8/tasks
(00.279888) cg: adding cgroup /proc/self/fd/8/user.slice/user-1000.slice/session-71.scope
(00.279911) cg: Dumping value max from /proc/self/fd/8/user.slice/user-1000.slice/session-71.scope/pids.max
(00.279924) cg: Dumping value 0 from /proc/self/fd/8/user.slice/user-1000.slice/session-71.scope/cgroup.clone_children
(00.279933) cg: Dumping value 0 from /proc/self/fd/8/user.slice/user-1000.slice/session-71.scope/notify_on_release
(00.279941) cg: Dumping value  from /proc/self/fd/8/user.slice/user-1000.slice/session-71.scope/cgroup.procs
(00.279950) cg: Dumping value  from /proc/self/fd/8/user.slice/user-1000.slice/session-71.scope/tasks
(00.279968) cg: Set 2 is root one
(00.280026) ----------------------------------------
(00.280032) Waiting for 20297 to trap
(00.280071) Daemon 20297 exited trapping
(00.280092) Sent msg to daemon 3 0 0
(00.280097) Force no-breakpoints restore
(00.280106) 20297 was trapped
(00.280124) 20297 (native) is going to execute the syscall 45, required is 15
(00.280134) 20297 was trapped
(00.280136) `- Expecting exit
(00.280143) 20297 was trapped
(00.280146) 20297 (native) is going to execute the syscall 186, required is 15
(00.280153) 20297 was trapped
(00.280155) `- Expecting exit
(00.280162) 20297 was trapped
(00.280164) 20297 (native) is going to execute the syscall 1, required is 15
pie: 20297: __fetched msg: 3 0 0
(00.280176) 20297 was trapped
(00.280177) `- Expecting exit
(00.280184) 20297 was trapped
(00.280187) 20297 (native) is going to execute the syscall 186, required is 15
(00.280194) 20297 was trapped
(00.280195) `- Expecting exit
(00.280202) 20297 was trapped
(00.280204) 20297 (native) is going to execute the syscall 186, required is 15
(00.280211) 20297 was trapped
(00.280212) `- Expecting exit
(00.280219) 20297 was trapped
(00.280221) 20297 (native) is going to execute the syscall 1, required is 15
pie: 20297: 20297: new_sp=0x7f645003c008 ip 0x7f644f70f768
(00.280230) 20297 was trapped
(00.280231) `- Expecting exit
(00.280238) 20297 was trapped
(00.280240) 20297 (native) is going to execute the syscall 3, required is 15
(00.280251) 20297 was trapped
(00.280252) `- Expecting exit
(00.280259) 20297 was trapped
(00.280261) 20297 (native) is going to execute the syscall 3, required is 15
(00.280269) 20297 was trapped
(00.280270) `- Expecting exit
(00.280277) 20297 was trapped
(00.280279) 20297 (native) is going to execute the syscall 15, required is 15
(00.280287) 20297 was stopped
(00.280328) 
(00.280330) Dumping mm (pid: 20297)
(00.280331) ----------------------------------------
(00.280333) 0x55acd3fc8000-0x55acd40c0000 (992K) prot 0x5 flags 0x2 fdflags 0 st 0x41 off 0 reg fp  shmid: 0x1
(00.280336) 0x55acd42bf000-0x55acd42c3000 (16K) prot 0x1 flags 0x2 fdflags 0 st 0x41 off 0xf7000 reg fp  shmid: 0x1
(00.280337) 0x55acd42c3000-0x55acd42cc000 (36K) prot 0x3 flags 0x2 fdflags 0 st 0x41 off 0xfb000 reg fp  shmid: 0x1
(00.280339) 0x55acd42cc000-0x55acd42d1000 (20K) prot 0x3 flags 0x22 fdflags 0 st 0x201 off 0 reg ap  shmid: 0
(00.280341) 0x55acd43df000-0x55acd4400000 (132K) prot 0x3 flags 0x22 fdflags 0 st 0x221 off 0 reg heap ap  shmid: 0
(00.280342) 0x7f6448cd4000-0x7f644f647000 (107980K) prot 0x1 flags 0x2 fdflags 0 st 0x41 off 0 reg fp  shmid: 0x2
(00.280344) 0x7f644f647000-0x7f644f800000 (1764K) prot 0x5 flags 0x2 fdflags 0 st 0x41 off 0 reg fp  shmid: 0x3
(00.280345) 0x7f644f800000-0x7f644f9ff000 (2044K) prot 0 flags 0x2 fdflags 0 st 0x41 off 0x1b9000 reg fp  shmid: 0x3
(00.280347) 0x7f644f9ff000-0x7f644fa03000 (16K) prot 0x1 flags 0x2 fdflags 0 st 0x41 off 0x1b8000 reg fp  shmid: 0x3
(00.280348) 0x7f644fa03000-0x7f644fa05000 (8K) prot 0x3 flags 0x2 fdflags 0 st 0x41 off 0x1bc000 reg fp  shmid: 0x3
(00.280350) 0x7f644fa05000-0x7f644fa09000 (16K) prot 0x3 flags 0x22 fdflags 0 st 0x201 off 0 reg ap  shmid: 0
(00.280355) 0x7f644fa09000-0x7f644fa0c000 (12K) prot 0x5 flags 0x2 fdflags 0 st 0x41 off 0 reg fp  shmid: 0x4
(00.280357) 0x7f644fa0c000-0x7f644fc0b000 (2044K) prot 0 flags 0x2 fdflags 0 st 0x41 off 0x3000 reg fp  shmid: 0x4
(00.280359) 0x7f644fc0b000-0x7f644fc0c000 (4K) prot 0x1 flags 0x2 fdflags 0 st 0x41 off 0x2000 reg fp  shmid: 0x4
(00.280360) 0x7f644fc0c000-0x7f644fc0d000 (4K) prot 0x3 flags 0x2 fdflags 0 st 0x41 off 0x3000 reg fp  shmid: 0x4
(00.280362) 0x7f644fc0d000-0x7f644fc34000 (156K) prot 0x5 flags 0x2 fdflags 0 st 0x41 off 0 reg fp  shmid: 0x5
(00.280364) 0x7f644fc34000-0x7f644fe34000 (2048K) prot 0 flags 0x2 fdflags 0 st 0x41 off 0x27000 reg fp  shmid: 0x5
(00.280365) 0x7f644fe34000-0x7f644fe38000 (16K) prot 0x1 flags 0x2 fdflags 0 st 0x41 off 0x27000 reg fp  shmid: 0x5
(00.280367) 0x7f644fe38000-0x7f644fe39000 (4K) prot 0x3 flags 0x2 fdflags 0 st 0x41 off 0x2b000 reg fp  shmid: 0x5
(00.280368) 0x7f644fe39000-0x7f644fe5d000 (144K) prot 0x5 flags 0x2 fdflags 0 st 0x41 off 0 reg fp  shmid: 0x6
(00.280370) 0x7f6450041000-0x7f6450044000 (12K) prot 0x3 flags 0x22 fdflags 0 st 0x201 off 0 reg ap  shmid: 0
(00.280371) 0x7f6450054000-0x7f645005b000 (28K) prot 0x1 flags 0x1 fdflags 0 st 0x81 off 0 reg fs  shmid: 0x7
(00.280373) 0x7f645005b000-0x7f645005c000 (4K) prot 0x3 flags 0x22 fdflags 0 st 0x201 off 0 reg ap  shmid: 0
(00.280374) 0x7f645005c000-0x7f645005d000 (4K) prot 0x1 flags 0x2 fdflags 0 st 0x41 off 0x23000 reg fp  shmid: 0x6
(00.280376) 0x7f645005d000-0x7f645005e000 (4K) prot 0x3 flags 0x2 fdflags 0 st 0x41 off 0x24000 reg fp  shmid: 0x6
(00.280377) 0x7f645005e000-0x7f645005f000 (4K) prot 0x3 flags 0x22 fdflags 0 st 0x201 off 0 reg ap  shmid: 0
(00.280379) 0x7ffe5b0da000-0x7ffe5b0fc000 (136K) prot 0x3 flags 0x122 fdflags 0 st 0x201 off 0 reg ap  shmid: 0
(00.280381) 0x7ffe5b157000-0x7ffe5b159000 (8K) prot 0x1 flags 0x22 fdflags 0 st 0x1201 off 0 reg vvar ap  shmid: 0
(00.280382) 0x7ffe5b159000-0x7ffe5b15b000 (8K) prot 0x5 flags 0x22 fdflags 0 st 0x209 off 0 reg vdso ap  shmid: 0
(00.280384) 0xffffffffff600000-0xffffffffff601000 (4K) prot 0x5 flags 0x22 fdflags 0 st 0x204 off 0 vsys ap  shmid: 0
(00.280386) Obtaining task auvx ...
(00.280452) Dumping path for -3 fd via self 10 [/home/jay]
(00.280470) Dumping path for -3 fd via self 10 [/]
(00.280473) Dumping task cwd id 0xa root id 0xb
(00.280523) ========================================
(00.280525) Dumping task (pid: 20362)
(00.280526) ========================================
(00.280527) Obtaining task stat ... 
(00.280566) 
(00.280569) Collecting mappings (pid: 20362)
(00.280571) ----------------------------------------
(00.280674) Dumping path for -3 fd via self 7 [/usr/bin/sleep]
(00.280723) vma 5624868a8000 borrows vfi from previous 5624866a2000
(00.280748) vma 5624868a9000 borrows vfi from previous 5624868a8000
(00.280889) vma 7efcb70cf000 borrows vfi from previous 7efcb6f16000
(00.280911) vma 7efcb72ce000 borrows vfi from previous 7efcb70cf000
(00.280929) vma 7efcb72d2000 borrows vfi from previous 7efcb72ce000
(00.281078) vma 7efcb74fc000 borrows vfi from previous 7efcb74fb000
(00.281186) Collected, longest area occupies 26995 pages
(00.281191) 0x5624866a2000-0x5624866a9000 (28K) prot 0x5 flags 0x2 fdflags 0 st 0x41 off 0 reg fp  shmid: 0xc
(00.281195) 0x5624868a8000-0x5624868a9000 (4K) prot 0x1 flags 0x2 fdflags 0 st 0x41 off 0x6000 reg fp  shmid: 0xc
(00.281198) 0x5624868a9000-0x5624868aa000 (4K) prot 0x3 flags 0x2 fdflags 0 st 0x41 off 0x7000 reg fp  shmid: 0xc
(00.281201) 0x562487136000-0x562487157000 (132K) prot 0x3 flags 0x22 fdflags 0 st 0x221 off 0 reg heap ap  shmid: 0
(00.281203) 0x7efcb05a3000-0x7efcb6f16000 (107980K) prot 0x1 flags 0x2 fdflags 0 st 0x41 off 0 reg fp  shmid: 0x2
(00.281205) 0x7efcb6f16000-0x7efcb70cf000 (1764K) prot 0x5 flags 0x2 fdflags 0 st 0x41 off 0 reg fp  shmid: 0x3
(00.281206) 0x7efcb70cf000-0x7efcb72ce000 (2044K) prot 0 flags 0x2 fdflags 0 st 0x41 off 0x1b9000 reg fp  shmid: 0x3
(00.281208) 0x7efcb72ce000-0x7efcb72d2000 (16K) prot 0x1 flags 0x2 fdflags 0 st 0x41 off 0x1b8000 reg fp  shmid: 0x3
(00.281215) 0x7efcb72d2000-0x7efcb72d4000 (8K) prot 0x3 flags 0x2 fdflags 0 st 0x41 off 0x1bc000 reg fp  shmid: 0x3
(00.281217) 0x7efcb72d4000-0x7efcb72d8000 (16K) prot 0x3 flags 0x22 fdflags 0 st 0x201 off 0 reg ap  shmid: 0
(00.281219) 0x7efcb72d8000-0x7efcb72fc000 (144K) prot 0x5 flags 0x2 fdflags 0 st 0x41 off 0 reg fp  shmid: 0x6
(00.281221) 0x7efcb74e0000-0x7efcb74e3000 (12K) prot 0x3 flags 0x22 fdflags 0 st 0x201 off 0 reg ap  shmid: 0
(00.281223) 0x7efcb74fa000-0x7efcb74fb000 (4K) prot 0x3 flags 0x22 fdflags 0 st 0x201 off 0 reg ap  shmid: 0
(00.281225) 0x7efcb74fb000-0x7efcb74fc000 (4K) prot 0x1 flags 0x2 fdflags 0 st 0x41 off 0x23000 reg fp  shmid: 0x6
(00.281226) 0x7efcb74fc000-0x7efcb74fd000 (4K) prot 0x3 flags 0x2 fdflags 0 st 0x41 off 0x24000 reg fp  shmid: 0x6
(00.281228) 0x7efcb74fd000-0x7efcb74fe000 (4K) prot 0x3 flags 0x22 fdflags 0 st 0x201 off 0 reg ap  shmid: 0
(00.281230) 0x7ffdfc781000-0x7ffdfc7a3000 (136K) prot 0x3 flags 0x122 fdflags 0 st 0x201 off 0 reg ap  shmid: 0
(00.281232) 0x7ffdfc7a4000-0x7ffdfc7a6000 (8K) prot 0x1 flags 0x22 fdflags 0 st 0x1201 off 0 reg vvar ap  shmid: 0
(00.281233) 0x7ffdfc7a6000-0x7ffdfc7a8000 (8K) prot 0x5 flags 0x22 fdflags 0 st 0x209 off 0 reg vdso ap  shmid: 0
(00.281235) 0xffffffffff600000-0xffffffffff601000 (4K) prot 0x5 flags 0x22 fdflags 0 st 0x204 off 0 vsys ap  shmid: 0
(00.281237) ----------------------------------------
(00.281239) 
(00.281240) Collecting fds (pid: 20362)
(00.281241) ----------------------------------------
(00.281255) Found 3 file descriptors
(00.281257) ----------------------------------------
(00.281263) Dump private signals of 20362
(00.281266) Dump shared signals of 20362
(00.281273) Parasite syscall_ip at 0x5624866a2000
(00.281350) Set up parasite blob using memfd
(00.281353) Putting parasite blob into 0x7f2025a6e000->0x7efcb7468000
(00.281387) Dumping general registers for 20362 in native mode
(00.281390) Warn  (compel/arch/x86/src/lib/infect.c:249): Will restore 20362 with interrupted system call
(00.281391) Dumping GP/FPU registers for 20362
(00.281396) xsave runtime structure
(00.281397) -----------------------
(00.281399) cwd:37f swd:0 twd:0 fop:0 mxcsr:1f80 mxcsr_mask:ffff
(00.281400) magic1:46505853 extended_size:344 xstate_bv:7 xstate_size:340
(00.281402) xstate_bv: 7
(00.281403) -----------------------
(00.281405) Putting tsock into pid 20362
(00.281437) Wait for parasite being daemonized...
(00.281439) Wait for ack 2 on daemon socket
pie: 20362: Running daemon thread leader
pie: 20362: __sent ack msg: 2 2 0
pie: 20362: Daemon waits for command
(00.281453) Fetched ack: 2 2 0
(00.281455) Parasite 20362 has been switched to daemon mode
(00.281464) Sent msg to daemon 74 0 0
(00.281466) Wait for ack 74 on daemon socket
pie: 20362: __fetched msg: 74 0 0
pie: 20362: __sent ack msg: 74 74 0
pie: 20362: Daemon waits for command
(00.281474) Fetched ack: 74 74 0
(00.281481) Sent msg to daemon 70 0 0
(00.281483) Wait for ack 70 on daemon socket
pie: 20362: __fetched msg: 70 0 0
pie: 20362: __sent ack msg: 70 70 0
pie: 20362: Daemon waits for command
(00.281491) Fetched ack: 70 70 0
(00.281493) sid=17996 pgid=20297 pid=20362
(00.281521) 
(00.281523) Dumping opened files (pid: 20362)
(00.281524) ----------------------------------------
(00.281529) Sent msg to daemon 71 0 0
pie: 20362: __fetched msg: 71 0 0
pie: 20362: __sent ack msg: 71 71 0
pie: 20362: Daemon waits for command
(00.281541) Wait for ack 71 on daemon socket
(00.281544) Fetched ack: 71 71 0
(00.281560) 20362 fdinfo 0: pos:                0 flags:           102002/0
(00.281570) fdinfo: type: 0xb flags: 0102002/0 pos:        0 fd: 0
(00.281595) 20362 fdinfo 1: pos:                0 flags:           102002/0
(00.281601) fdinfo: type: 0xb flags: 0102002/0 pos:        0 fd: 1
(00.281608) 20362 fdinfo 2: pos:                0 flags:           102002/0
(00.281612) fdinfo: type: 0xb flags: 0102002/0 pos:        0 fd: 2
(00.281614) ----------------------------------------
(00.281629) Sent msg to daemon 65 0 0
pie: 20362: __fetched msg: 65 0 0
(00.281631) Wait for ack 65 on daemon socket
pie: 20362: __sent ack msg: 65 65 0
pie: 20362: Daemon waits for command
(00.281648) Fetched ack: 65 65 0
(00.281650) 
(00.281651) Dumping pages (type: 68 pid: 20362)
(00.281653) ----------------------------------------
(00.281654)    Private vmas 26995/28080 pages
(00.281672) pagemap-cache: created for pid 20362 (takes 215960 bytes)
(00.281676) page-pipe: Create page pipe for 28080 segs
(00.281678) page-pipe: Will grow page pipe (iov off is 0)
(00.281726) pagemap-cache: filling VMA 5624866a2000-5624866a9000 (28K) [l:562486600000 h:562486800000]
(00.281734) page-pipe: Add iov to page pipe (0 iovs, 0/28080 total)
(00.281736) Pagemap generated: 1 pages 0 holes
(00.281737) pagemap-cache: filling VMA 5624868a8000-5624868a9000 (4K) [l:562486800000 h:562486a00000]
(00.281740) page-pipe: Add iov to page pipe (1 iovs, 1/28080 total)
(00.281742) Pagemap generated: 1 pages 0 holes
(00.281743) pagemap-cache: filling VMA 5624868a9000-5624868aa000 (4K) [l:562486800000 h:562486a00000]
(00.281746) Pagemap generated: 1 pages 0 holes
(00.281748) pagemap-cache: filling VMA 562487136000-562487157000 (132K) [l:562487000000 h:562487200000]
(00.281751) page-pipe: Add iov to page pipe (2 iovs, 2/28080 total)
(00.281752) Pagemap generated: 2 pages 0 holes
(00.281754) pagemap-cache: filling VMA 7efcb05a3000-7efcb6f16000 (107980K) [l:7efcb0400000 h:7efcb0600000]
(00.281998) Pagemap generated: 0 pages 0 holes
(00.282001) pagemap-cache: filling VMA 7efcb6f16000-7efcb70cf000 (1764K) [l:7efcb6e00000 h:7efcb7000000]
(00.282011) Pagemap generated: 0 pages 0 holes
(00.282012) pagemap-cache: filling VMA 7efcb70cf000-7efcb72ce000 (2044K) [l:7efcb7000000 h:7efcb7200000]
(00.282020) Pagemap generated: 0 pages 0 holes
(00.282021) pagemap-cache: filling VMA 7efcb72ce000-7efcb72d2000 (16K) [l:7efcb7200000 h:7efcb7400000]
(00.282025) page-pipe: Add iov to page pipe (3 iovs, 3/28080 total)
(00.282026) Pagemap generated: 4 pages 0 holes
(00.282028) pagemap-cache: filling VMA 7efcb72d2000-7efcb72d4000 (8K) [l:7efcb7200000 h:7efcb7400000]
(00.282031) Pagemap generated: 2 pages 0 holes
(00.282032) pagemap-cache: filling VMA 7efcb72d4000-7efcb72d8000 (16K) [l:7efcb7200000 h:7efcb7400000]
(00.282036) page-pipe: Add iov to page pipe (4 iovs, 4/28080 total)
(00.282037) Pagemap generated: 2 pages 0 holes
(00.282038) pagemap-cache: filling VMA 7efcb72d8000-7efcb72fc000 (144K) [l:7efcb7200000 h:7efcb7400000]
(00.282041) Pagemap generated: 0 pages 0 holes
(00.282043) pagemap-cache: filling VMA 7efcb74e0000-7efcb74e3000 (12K) [l:7efcb7400000 h:7efcb7600000]
(00.282046) page-pipe: Add iov to page pipe (5 iovs, 5/28080 total)
(00.282048) Pagemap generated: 3 pages 0 holes
(00.282049) pagemap-cache: filling VMA 7efcb74fa000-7efcb74fb000 (4K) [l:7efcb7400000 h:7efcb7600000]
(00.282053) page-pipe: Grow pipe 10 -> 20
(00.282054) page-pipe: Add iov to page pipe (6 iovs, 6/28080 total)
(00.282056) Pagemap generated: 1 pages 0 holes
(00.282057) pagemap-cache: filling VMA 7efcb74fb000-7efcb74fc000 (4K) [l:7efcb7400000 h:7efcb7600000]
(00.282060) Pagemap generated: 1 pages 0 holes
(00.282061) pagemap-cache: filling VMA 7efcb74fc000-7efcb74fd000 (4K) [l:7efcb7400000 h:7efcb7600000]
(00.282064) Pagemap generated: 1 pages 0 holes
(00.282065) pagemap-cache: filling VMA 7efcb74fd000-7efcb74fe000 (4K) [l:7efcb7400000 h:7efcb7600000]
(00.282068) Pagemap generated: 1 pages 0 holes
(00.282069) pagemap-cache: filling VMA 7ffdfc781000-7ffdfc7a3000 (136K) [l:7ffdfc600000 h:7ffdfc800000]
(00.282072) page-pipe: Add iov to page pipe (7 iovs, 7/28080 total)
(00.282074) Pagemap generated: 2 pages 0 holes
(00.282075) pagemap-cache: filling VMA 7ffdfc7a4000-7ffdfc7a6000 (8K) [l:7ffdfc600000 h:7ffdfc800000]
(00.282077) Pagemap generated: 0 pages 0 holes
(00.282079) pagemap-cache: filling VMA 7ffdfc7a6000-7ffdfc7a8000 (8K) [l:7ffdfc600000 h:7ffdfc800000]
(00.282081) page-pipe: Add iov to page pipe (8 iovs, 8/28080 total)
(00.282082) Pagemap generated: 2 pages 0 holes
(00.282084) page-pipe: Page pipe:
(00.282085) page-pipe: * 1 pipes 9/28080 iovs:
(00.282086) page-pipe: 	buf 24 pages, 9 iovs:
(00.282091) page-pipe: 		0x5624866a2000 1
(00.282092) page-pipe: 		0x5624868a8000 2
(00.282093) page-pipe: 		0x562487136000 2
(00.282095) page-pipe: 		0x7efcb72ce000 7
(00.282096) page-pipe: 		0x7efcb72d7000 1
(00.282097) page-pipe: 		0x7efcb74e0000 3
(00.282098) page-pipe: 		0x7efcb74fa000 4
(00.282100) page-pipe: 		0x7ffdfc7a1000 2
(00.282101) page-pipe: 		0x7ffdfc7a6000 2
(00.282102) page-pipe: * 0 holes:
(00.282104) PPB: 24 pages 9 segs 32 pipe 0 off
(00.282109) Sent msg to daemon 66 0 0
pie: 20362: __fetched msg: 66 0 0
(00.282113) Wait for ack 66 on daemon socket
pie: 20362: __sent ack msg: 66 66 0
pie: 20362: Daemon waits for command
(00.282128) Fetched ack: 66 66 0
(00.282130) Transferring pages:
(00.282132) 	buf 24/9
(00.282133) 	p 0x5624866a2000 [1]
(00.282145) 	p 0x5624868a8000 [2]
(00.282161) 	p 0x562487136000 [2]
(00.282174) 	p 0x7efcb72ce000 [7]
(00.282199) 	p 0x7efcb72d7000 [1]
(00.282208) 	p 0x7efcb74e0000 [3]
(00.282225) 	p 0x7efcb74fa000 [4]
(00.282247) 	p 0x7ffdfc7a1000 [2]
(00.282259) 	p 0x7ffdfc7a6000 [2]
(00.282289) page-pipe: Killing page pipe
(00.282295) ----------------------------------------
(00.282300) Sent msg to daemon 65 0 0
(00.282301) Wait for ack 65 on daemon socket
pie: 20362: __fetched msg: 65 0 0
pie: 20362: __sent ack msg: 65 65 0
pie: 20362: Daemon waits for command
(00.282311) Fetched ack: 65 65 0
(00.282315) Sent msg to daemon 67 0 0
(00.282317) Wait for ack 67 on daemon socket
pie: 20362: __fetched msg: 67 0 0
pie: 20362: __sent ack msg: 67 67 0
pie: 20362: Daemon waits for command
(00.282334) Fetched ack: 67 67 0
(00.282342) Sent msg to daemon 68 0 0
(00.282344) Wait for ack 68 on daemon socket
pie: 20362: __fetched msg: 68 0 0
pie: 20362: __sent ack msg: 68 68 0
pie: 20362: Daemon waits for command
(00.282352) Fetched ack: 68 68 0
(00.282357) Sent msg to daemon 69 0 0
(00.282358) Wait for ack 69 on daemon socket
pie: 20362: __fetched msg: 69 0 0
pie: 20362: __sent ack msg: 69 69 0
pie: 20362: Daemon waits for command
(00.282365) Fetched ack: 69 69 0
(00.282367) 
(00.282368) Dumping core (pid: 20362)
(00.282370) ----------------------------------------
(00.282371) Obtaining personality ... 
(00.282382) Sent msg to daemon 64 0 0
(00.282384) Wait for ack 64 on daemon socket
pie: 20362: __fetched msg: 64 0 0
pie: 20362: __sent ack msg: 64 64 0
pie: 20362: Daemon waits for command
(00.282411) Fetched ack: 64 64 0
(00.282414) 20362 has 0 sched policy
(00.282416) 	dumping 0 nice for 20362
(00.282418) dumping /proc/20362/loginuid
(00.282423) dumping /proc/20362/oom_score_adj
(00.282431) cg: Dumping cgroups for 20362
(00.282454) cg:  `- Existing css 2 found
(00.282457) cg: Set 2 is a stray
(00.282500) ----------------------------------------
(00.282505) Waiting for 20362 to trap
(00.282512) Daemon 20362 exited trapping
(00.282517) Sent msg to daemon 3 0 0
(00.282521) Force no-breakpoints restore
(00.282530) 20362 was trapped
(00.282533) 20362 (native) is going to execute the syscall 45, required is 15
(00.282541) 20362 was trapped
(00.282543) `- Expecting exit
(00.282551) 20362 was trapped
(00.282553) 20362 (native) is going to execute the syscall 186, required is 15
(00.282561) 20362 was trapped
(00.282563) `- Expecting exit
(00.282571) 20362 was trapped
(00.282573) 20362 (native) is going to execute the syscall 1, required is 15
pie: 20362: __fetched msg: 3 0 0
(00.282582) 20362 was trapped
(00.282584) `- Expecting exit
(00.282592) 20362 was trapped
(00.282594) 20362 (native) is going to execute the syscall 186, required is 15
(00.282602) 20362 was trapped
(00.282603) `- Expecting exit
(00.282611) 20362 was trapped
(00.282613) 20362 (native) is going to execute the syscall 186, required is 15
(00.282621) 20362 was trapped
(00.282622) `- Expecting exit
(00.282630) 20362 was trapped
(00.282633) 20362 (native) is going to execute the syscall 1, required is 15
pie: 20362: 20362: new_sp=0x7efcb74db008 ip 0x7efcb6fde9e0
(00.282641) 20362 was trapped
(00.282643) `- Expecting exit
(00.282651) 20362 was trapped
(00.282653) 20362 (native) is going to execute the syscall 3, required is 15
(00.282668) 20362 was trapped
(00.282669) `- Expecting exit
(00.282677) 20362 was trapped
(00.282680) 20362 (native) is going to execute the syscall 3, required is 15
(00.282687) 20362 was trapped
(00.282689) `- Expecting exit
(00.282697) 20362 was trapped
(00.282699) 20362 (native) is going to execute the syscall 15, required is 15
(00.282720) 20362 was stopped
(00.282760) 
(00.282764) Dumping mm (pid: 20362)
(00.282765) ----------------------------------------
(00.282767) 0x5624866a2000-0x5624866a9000 (28K) prot 0x5 flags 0x2 fdflags 0 st 0x41 off 0 reg fp  shmid: 0xc
(00.282769) 0x5624868a8000-0x5624868a9000 (4K) prot 0x1 flags 0x2 fdflags 0 st 0x41 off 0x6000 reg fp  shmid: 0xc
(00.282772) 0x5624868a9000-0x5624868aa000 (4K) prot 0x3 flags 0x2 fdflags 0 st 0x41 off 0x7000 reg fp  shmid: 0xc
(00.282773) 0x562487136000-0x562487157000 (132K) prot 0x3 flags 0x22 fdflags 0 st 0x221 off 0 reg heap ap  shmid: 0
(00.282775) 0x7efcb05a3000-0x7efcb6f16000 (107980K) prot 0x1 flags 0x2 fdflags 0 st 0x41 off 0 reg fp  shmid: 0x2
(00.282777) 0x7efcb6f16000-0x7efcb70cf000 (1764K) prot 0x5 flags 0x2 fdflags 0 st 0x41 off 0 reg fp  shmid: 0x3
(00.282779) 0x7efcb70cf000-0x7efcb72ce000 (2044K) prot 0 flags 0x2 fdflags 0 st 0x41 off 0x1b9000 reg fp  shmid: 0x3
(00.282781) 0x7efcb72ce000-0x7efcb72d2000 (16K) prot 0x1 flags 0x2 fdflags 0 st 0x41 off 0x1b8000 reg fp  shmid: 0x3
(00.282783) 0x7efcb72d2000-0x7efcb72d4000 (8K) prot 0x3 flags 0x2 fdflags 0 st 0x41 off 0x1bc000 reg fp  shmid: 0x3
(00.282784) 0x7efcb72d4000-0x7efcb72d8000 (16K) prot 0x3 flags 0x22 fdflags 0 st 0x201 off 0 reg ap  shmid: 0
(00.282786) 0x7efcb72d8000-0x7efcb72fc000 (144K) prot 0x5 flags 0x2 fdflags 0 st 0x41 off 0 reg fp  shmid: 0x6
(00.282788) 0x7efcb74e0000-0x7efcb74e3000 (12K) prot 0x3 flags 0x22 fdflags 0 st 0x201 off 0 reg ap  shmid: 0
(00.282790) 0x7efcb74fa000-0x7efcb74fb000 (4K) prot 0x3 flags 0x22 fdflags 0 st 0x201 off 0 reg ap  shmid: 0
(00.282792) 0x7efcb74fb000-0x7efcb74fc000 (4K) prot 0x1 flags 0x2 fdflags 0 st 0x41 off 0x23000 reg fp  shmid: 0x6
(00.282793) 0x7efcb74fc000-0x7efcb74fd000 (4K) prot 0x3 flags 0x2 fdflags 0 st 0x41 off 0x24000 reg fp  shmid: 0x6
(00.282795) 0x7efcb74fd000-0x7efcb74fe000 (4K) prot 0x3 flags 0x22 fdflags 0 st 0x201 off 0 reg ap  shmid: 0
(00.282797) 0x7ffdfc781000-0x7ffdfc7a3000 (136K) prot 0x3 flags 0x122 fdflags 0 st 0x201 off 0 reg ap  shmid: 0
(00.282799) 0x7ffdfc7a4000-0x7ffdfc7a6000 (8K) prot 0x1 flags 0x22 fdflags 0 st 0x1201 off 0 reg vvar ap  shmid: 0
(00.282800) 0x7ffdfc7a6000-0x7ffdfc7a8000 (8K) prot 0x5 flags 0x22 fdflags 0 st 0x209 off 0 reg vdso ap  shmid: 0
(00.282802) 0xffffffffff600000-0xffffffffff601000 (4K) prot 0x5 flags 0x22 fdflags 0 st 0x204 off 0 vsys ap  shmid: 0
(00.282804) Obtaining task auvx ...
(00.282873) Dumping task cwd id 0xa root id 0xb
(00.282915) Dumping file-locks
(00.282917) 
(00.282919) Dumping pstree (pid: 20297)
(00.282920) ----------------------------------------
(00.282922) Process: 20297(20297)
(00.282936) Process: 20362(20362)
(00.282938) ----------------------------------------
(00.282944) cg: Dumping 1 sets
(00.282946) cg:    `- Dumping blkio of /user.slice/user-1000.slice
(00.282948) cg:    `- Dumping cpu,cpuacct of /user.slice/user-1000.slice
(00.282950) cg:    `- Dumping cpuset of /
(00.282951) cg:    `- Dumping devices of /user.slice/user-1000.slice
(00.282952) cg:    `- Dumping freezer of /
(00.282954) cg:    `- Dumping hugetlb of /
(00.282955) cg:    `- Dumping memory of /user.slice/user-1000.slice
(00.282956) cg:    `- Dumping name=systemd of /user.slice/user-1000.slice/session-71.scope
(00.282958) cg:    `- Dumping net_cls,net_prio of /
(00.282959) cg:    `- Dumping perf_event of /
(00.282960) cg:    `- Dumping pids of /user.slice/user-1000.slice/session-71.scope
(00.282975) cg: Writing CG image
(00.283011) sk unix: Dumping external sockets
(00.283019) tty: Unpaired slave 0
(00.283021) Writing image inventory (version 1)
(00.283076) Running post-dump scripts
(00.283078) Unfreezing tasks into 2
(00.283080) 	Unseizing 20297 into 2
(00.283087) 	Unseizing 20362 into 2
(00.283214) Writing stats
(00.283350) Dumping finished successfully
